{"/home/travis/build/npmtest/node-npmtest-reactable/test.js":{"path":"/home/travis/build/npmtest/node-npmtest-reactable/test.js","s":{"1":2,"2":2,"3":2,"4":2,"5":2,"6":2,"7":2,"8":1,"9":2,"10":2,"11":1,"12":1,"13":1,"14":1,"15":2,"16":2,"17":2,"18":2,"19":1,"20":1,"21":2,"22":2,"23":2,"24":1,"25":1,"26":1,"27":1,"28":1,"29":1,"30":1,"31":1,"32":1,"33":1,"34":1,"35":1,"36":1,"37":1,"38":1,"39":2,"40":2,"41":1,"42":2,"43":2,"44":1,"45":2,"46":2,"47":1,"48":2,"49":2,"50":1,"51":1,"52":1,"53":1,"54":1},"b":{"1":[2,1,1,1],"2":[1,1,1,1],"3":[1,1],"4":[1,1],"5":[1,1],"6":[1,1],"7":[1,1],"8":[1,1],"9":[1,1],"10":[1,1,1],"11":[1,1],"12":[1,1],"13":[1,1],"14":[1,1],"15":[1,1],"16":[1,1],"17":[1,1]},"f":{"1":2,"2":2,"3":2,"4":2,"5":2,"6":1,"7":1,"8":1,"9":2,"10":2,"11":2,"12":2,"13":1},"fnMap":{"1":{"name":"(anonymous_1)","line":12,"loc":{"start":{"line":12,"column":1},"end":{"line":12,"column":13}}},"2":{"name":"(anonymous_2)","line":19,"loc":{"start":{"line":19,"column":5},"end":{"line":19,"column":17}}},"3":{"name":"(anonymous_3)","line":23,"loc":{"start":{"line":23,"column":24},"end":{"line":23,"column":36}}},"4":{"name":"(anonymous_4)","line":61,"loc":{"start":{"line":61,"column":5},"end":{"line":61,"column":17}}},"5":{"name":"(anonymous_5)","line":82,"loc":{"start":{"line":82,"column":5},"end":{"line":82,"column":17}}},"6":{"name":"(anonymous_6)","line":91,"loc":{"start":{"line":91,"column":77},"end":{"line":94,"column":10}}},"7":{"name":"(anonymous_7)","line":112,"loc":{"start":{"line":112,"column":83},"end":{"line":115,"column":10}},"skip":true},"8":{"name":"(anonymous_8)","line":123,"loc":{"start":{"line":123,"column":77},"end":{"line":126,"column":10}},"skip":true},"9":{"name":"(anonymous_9)","line":139,"loc":{"start":{"line":139,"column":12},"end":{"line":139,"column":40}},"skip":true},"10":{"name":"(anonymous_10)","line":147,"loc":{"start":{"line":147,"column":77},"end":{"line":150,"column":10}},"skip":true},"11":{"name":"(anonymous_11)","line":158,"loc":{"start":{"line":158,"column":83},"end":{"line":161,"column":10}},"skip":true},"12":{"name":"(anonymous_12)","line":169,"loc":{"start":{"line":169,"column":79},"end":{"line":172,"column":10}},"skip":true},"13":{"name":"(anonymous_13)","line":180,"loc":{"start":{"line":180,"column":75},"end":{"line":183,"column":10}},"skip":true}},"statementMap":{"1":{"start":{"line":12,"column":0},"end":{"line":195,"column":5}},"2":{"start":{"line":14,"column":4},"end":{"line":14,"column":14}},"3":{"start":{"line":19,"column":4},"end":{"line":56,"column":9}},"4":{"start":{"line":21,"column":8},"end":{"line":21,"column":19}},"5":{"start":{"line":23,"column":8},"end":{"line":35,"column":13}},"6":{"start":{"line":24,"column":12},"end":{"line":34,"column":13}},"7":{"start":{"line":25,"column":16},"end":{"line":28,"column":30}},"8":{"start":{"line":30,"column":16},"end":{"line":33,"column":27}},"9":{"start":{"line":37,"column":8},"end":{"line":39,"column":21}},"10":{"start":{"line":40,"column":8},"end":{"line":53,"column":9}},"11":{"start":{"line":43,"column":12},"end":{"line":46,"column":14}},"12":{"start":{"line":47,"column":12},"end":{"line":47,"column":18}},"13":{"start":{"line":50,"column":12},"end":{"line":51,"column":46}},"14":{"start":{"line":52,"column":12},"end":{"line":52,"column":18}},"15":{"start":{"line":55,"column":8},"end":{"line":55,"column":35}},"16":{"start":{"line":61,"column":4},"end":{"line":63,"column":9}},"17":{"start":{"line":62,"column":8},"end":{"line":62,"column":15}},"18":{"start":{"line":64,"column":4},"end":{"line":77,"column":5}},"19":{"start":{"line":70,"column":8},"end":{"line":70,"column":14}},"20":{"start":{"line":76,"column":8},"end":{"line":76,"column":14}},"21":{"start":{"line":82,"column":4},"end":{"line":84,"column":9}},"22":{"start":{"line":83,"column":8},"end":{"line":83,"column":15}},"23":{"start":{"line":85,"column":4},"end":{"line":194,"column":5}},"24":{"start":{"line":91,"column":8},"end":{"line":99,"column":10}},"25":{"start":{"line":98,"column":12},"end":{"line":98,"column":35}},"26":{"start":{"line":102,"column":8},"end":{"line":104,"column":63}},"27":{"start":{"line":105,"column":8},"end":{"line":105,"column":14}},"28":{"start":{"line":112,"column":8},"end":{"line":121,"column":10},"skip":true},"29":{"start":{"line":119,"column":12},"end":{"line":119,"column":55},"skip":true},"30":{"start":{"line":120,"column":12},"end":{"line":120,"column":48},"skip":true},"31":{"start":{"line":123,"column":8},"end":{"line":136,"column":10},"skip":true},"32":{"start":{"line":130,"column":12},"end":{"line":130,"column":76},"skip":true},"33":{"start":{"line":131,"column":12},"end":{"line":131,"column":73},"skip":true},"34":{"start":{"line":132,"column":12},"end":{"line":132,"column":74},"skip":true},"35":{"start":{"line":133,"column":12},"end":{"line":133,"column":79},"skip":true},"36":{"start":{"line":134,"column":12},"end":{"line":134,"column":25},"skip":true},"37":{"start":{"line":135,"column":12},"end":{"line":135,"column":45},"skip":true},"38":{"start":{"line":138,"column":8},"end":{"line":145,"column":14},"skip":true},"39":{"start":{"line":143,"column":16},"end":{"line":143,"column":29},"skip":true},"40":{"start":{"line":144,"column":16},"end":{"line":144,"column":55},"skip":true},"41":{"start":{"line":147,"column":8},"end":{"line":156,"column":10},"skip":true},"42":{"start":{"line":154,"column":12},"end":{"line":154,"column":25},"skip":true},"43":{"start":{"line":155,"column":12},"end":{"line":155,"column":45},"skip":true},"44":{"start":{"line":158,"column":8},"end":{"line":167,"column":10},"skip":true},"45":{"start":{"line":165,"column":12},"end":{"line":165,"column":25},"skip":true},"46":{"start":{"line":166,"column":12},"end":{"line":166,"column":48},"skip":true},"47":{"start":{"line":169,"column":8},"end":{"line":178,"column":10},"skip":true},"48":{"start":{"line":176,"column":12},"end":{"line":176,"column":25},"skip":true},"49":{"start":{"line":177,"column":12},"end":{"line":177,"column":46},"skip":true},"50":{"start":{"line":180,"column":8},"end":{"line":189,"column":10},"skip":true},"51":{"start":{"line":187,"column":12},"end":{"line":187,"column":94},"skip":true},"52":{"start":{"line":188,"column":12},"end":{"line":188,"column":48},"skip":true},"53":{"start":{"line":192,"column":8},"end":{"line":192,"column":35},"skip":true},"54":{"start":{"line":193,"column":8},"end":{"line":193,"column":14},"skip":true}},"branchMap":{"1":{"line":25,"type":"binary-expr","locations":[{"start":{"line":25,"column":23},"end":{"line":25,"column":62}},{"start":{"line":26,"column":20},"end":{"line":26,"column":70}},{"start":{"line":27,"column":20},"end":{"line":27,"column":71}},{"start":{"line":28,"column":20},"end":{"line":28,"column":29}}]},"2":{"line":30,"type":"binary-expr","locations":[{"start":{"line":30,"column":23},"end":{"line":30,"column":37}},{"start":{"line":31,"column":20},"end":{"line":31,"column":61}},{"start":{"line":32,"column":20},"end":{"line":32,"column":70}},{"start":{"line":33,"column":20},"end":{"line":33,"column":26}}]},"3":{"line":37,"type":"cond-expr","locations":[{"start":{"line":38,"column":14},"end":{"line":38,"column":20}},{"start":{"line":39,"column":14},"end":{"line":39,"column":20}}]},"4":{"line":40,"type":"switch","locations":[{"start":{"line":42,"column":8},"end":{"line":47,"column":18}},{"start":{"line":49,"column":8},"end":{"line":52,"column":18}}]},"5":{"line":44,"type":"binary-expr","locations":[{"start":{"line":44,"column":16},"end":{"line":44,"column":44}},{"start":{"line":44,"column":48},"end":{"line":44,"column":66}}]},"6":{"line":50,"type":"binary-expr","locations":[{"start":{"line":50,"column":21},"end":{"line":50,"column":49}},{"start":{"line":50,"column":53},"end":{"line":50,"column":72}}]},"7":{"line":64,"type":"switch","locations":[{"start":{"line":69,"column":4},"end":{"line":70,"column":14}},{"start":{"line":75,"column":4},"end":{"line":76,"column":14}}]},"8":{"line":85,"type":"switch","locations":[{"start":{"line":90,"column":4},"end":{"line":105,"column":14}},{"start":{"line":111,"column":4},"end":{"line":193,"column":14},"skip":true}]},"9":{"line":91,"type":"binary-expr","locations":[{"start":{"line":91,"column":42},"end":{"line":91,"column":73}},{"start":{"line":91,"column":77},"end":{"line":99,"column":9}}]},"10":{"line":102,"type":"binary-expr","locations":[{"start":{"line":102,"column":18},"end":{"line":102,"column":32}},{"start":{"line":103,"column":12},"end":{"line":103,"column":53}},{"start":{"line":104,"column":12},"end":{"line":104,"column":61}}]},"11":{"line":112,"type":"binary-expr","locations":[{"start":{"line":112,"column":45},"end":{"line":112,"column":79},"skip":true},{"start":{"line":112,"column":83},"end":{"line":121,"column":9},"skip":true}]},"12":{"line":123,"type":"binary-expr","locations":[{"start":{"line":123,"column":42},"end":{"line":123,"column":73},"skip":true},{"start":{"line":123,"column":77},"end":{"line":136,"column":9},"skip":true}]},"13":{"line":138,"type":"binary-expr","locations":[{"start":{"line":138,"column":48},"end":{"line":138,"column":85},"skip":true},{"start":{"line":139,"column":12},"end":{"line":145,"column":13},"skip":true}]},"14":{"line":147,"type":"binary-expr","locations":[{"start":{"line":147,"column":42},"end":{"line":147,"column":73},"skip":true},{"start":{"line":147,"column":77},"end":{"line":156,"column":9},"skip":true}]},"15":{"line":158,"type":"binary-expr","locations":[{"start":{"line":158,"column":45},"end":{"line":158,"column":79},"skip":true},{"start":{"line":158,"column":83},"end":{"line":167,"column":9},"skip":true}]},"16":{"line":169,"type":"binary-expr","locations":[{"start":{"line":169,"column":43},"end":{"line":169,"column":75},"skip":true},{"start":{"line":169,"column":79},"end":{"line":178,"column":9},"skip":true}]},"17":{"line":180,"type":"binary-expr","locations":[{"start":{"line":180,"column":41},"end":{"line":180,"column":71},"skip":true},{"start":{"line":180,"column":75},"end":{"line":189,"column":9},"skip":true}]}},"code":["/* istanbul instrument in package npmtest_reactable */","/*jslint","    bitwise: true,","    browser: true,","    maxerr: 8,","    maxlen: 96,","    node: true,","    nomen: true,","    regexp: true,","    stupid: true","*/","(function () {","    'use strict';","    var local;","","","","    // run shared js-env code - pre-init","    (function () {","        // init local","        local = {};","        // init modeJs","        local.modeJs = (function () {","            try {","                return typeof navigator.userAgent === 'string' &&","                    typeof document.querySelector('body') === 'object' &&","                    typeof XMLHttpRequest.prototype.open === 'function' &&","                    'browser';","            } catch (errorCaughtBrowser) {","                return module.exports &&","                    typeof process.versions.node === 'string' &&","                    typeof require('http').createServer === 'function' &&","                    'node';","            }","        }());","        // init global","        local.global = local.modeJs === 'browser'","            ? window","            : global;","        switch (local.modeJs) {","        // re-init local from window.local","        case 'browser':","            local = local.global.utility2.objectSetDefault(","                local.global.utility2_rollup || local.global.local,","                local.global.utility2","            );","            break;","        // re-init local from example.js","        case 'node':","            local = (local.global.utility2_rollup || require('utility2'))","                .requireExampleJsFromReadme();","            break;","        }","        // export local","        local.global.local = local;","    }());","","","","    // run shared js-env code - function","    (function () {","        return;","    }());","    switch (local.modeJs) {","","","","    // run browser js-env code - function","    case 'browser':","        break;","","","","    // run node js-env code - function","    case 'node':","        break;","    }","","","","    // run shared js-env code - post-init","    (function () {","        return;","    }());","    switch (local.modeJs) {","","","","    // run browser js-env code - post-init","    case 'browser':","        local.testCase_browser_nullCase = local.testCase_browser_nullCase || function (","            options,","            onError","        ) {","        /*","         * this function will test browsers's null-case handling-behavior-behavior","         */","            onError(null, options);","        };","","        // run tests","        local.nop(local.modeTest &&","            document.querySelector('#testRunButton1') &&","            document.querySelector('#testRunButton1').click());","        break;","","","","    // run node js-env code - post-init","    /* istanbul ignore next */","    case 'node':","        local.testCase_buildApidoc_default = local.testCase_buildApidoc_default || function (","            options,","            onError","        ) {","        /*","         * this function will test buildApidoc's default handling-behavior-behavior","         */","            options = { modulePathList: module.paths };","            local.buildApidoc(options, onError);","        };","","        local.testCase_buildApp_default = local.testCase_buildApp_default || function (","            options,","            onError","        ) {","        /*","         * this function will test buildApp's default handling-behavior-behavior","         */","            local.testCase_buildReadme_default(options, local.onErrorThrow);","            local.testCase_buildLib_default(options, local.onErrorThrow);","            local.testCase_buildTest_default(options, local.onErrorThrow);","            local.testCase_buildCustomOrg_default(options, local.onErrorThrow);","            options = [];","            local.buildApp(options, onError);","        };","","        local.testCase_buildCustomOrg_default = local.testCase_buildCustomOrg_default ||","            function (options, onError) {","            /*","             * this function will test buildCustomOrg's default handling-behavior","             */","                options = {};","                local.buildCustomOrg(options, onError);","            };","","        local.testCase_buildLib_default = local.testCase_buildLib_default || function (","            options,","            onError","        ) {","        /*","         * this function will test buildLib's default handling-behavior","         */","            options = {};","            local.buildLib(options, onError);","        };","","        local.testCase_buildReadme_default = local.testCase_buildReadme_default || function (","            options,","            onError","        ) {","        /*","         * this function will test buildReadme's default handling-behavior-behavior","         */","            options = {};","            local.buildReadme(options, onError);","        };","","        local.testCase_buildTest_default = local.testCase_buildTest_default || function (","            options,","            onError","        ) {","        /*","         * this function will test buildTest's default handling-behavior","         */","            options = {};","            local.buildTest(options, onError);","        };","","        local.testCase_webpage_default = local.testCase_webpage_default || function (","            options,","            onError","        ) {","        /*","         * this function will test webpage's default handling-behavior","         */","            options = { modeCoverageMerge: true, url: local.serverLocalHost + '?modeTest=1' };","            local.browserTest(options, onError);","        };","","        // run test-server","        local.testRunServer(local);","        break;","    }","}());",""],"l":{"12":2,"14":2,"19":2,"21":2,"23":2,"24":2,"25":2,"30":1,"37":2,"40":2,"43":1,"47":1,"50":1,"52":1,"55":2,"61":2,"62":2,"64":2,"70":1,"76":1,"82":2,"83":2,"85":2,"91":1,"98":1,"102":1,"105":1,"112":1,"119":1,"120":1,"123":1,"130":1,"131":1,"132":1,"133":1,"134":1,"135":1,"138":1,"143":2,"144":2,"147":1,"154":2,"155":2,"158":1,"165":2,"166":2,"169":1,"176":2,"177":2,"180":1,"187":1,"188":1,"192":1,"193":1}},"/home/travis/build/npmtest/node-npmtest-reactable/lib.npmtest_reactable.js":{"path":"/home/travis/build/npmtest/node-npmtest-reactable/lib.npmtest_reactable.js","s":{"1":2,"2":2,"3":2,"4":2,"5":2,"6":2,"7":2,"8":1,"9":2,"10":2,"11":2,"12":2,"13":1,"14":1,"15":1,"16":1},"b":{"1":[2,1,1,1],"2":[1,1,1,1],"3":[1,1],"4":[2,2],"5":[1,1]},"f":{"1":2,"2":2,"3":2},"fnMap":{"1":{"name":"(anonymous_1)","line":12,"loc":{"start":{"line":12,"column":1},"end":{"line":12,"column":13}}},"2":{"name":"(anonymous_2)","line":19,"loc":{"start":{"line":19,"column":5},"end":{"line":19,"column":17}}},"3":{"name":"(anonymous_3)","line":23,"loc":{"start":{"line":23,"column":24},"end":{"line":23,"column":36}}}},"statementMap":{"1":{"start":{"line":12,"column":0},"end":{"line":53,"column":5}},"2":{"start":{"line":14,"column":4},"end":{"line":14,"column":14}},"3":{"start":{"line":19,"column":4},"end":{"line":52,"column":9}},"4":{"start":{"line":21,"column":8},"end":{"line":21,"column":19}},"5":{"start":{"line":23,"column":8},"end":{"line":35,"column":13}},"6":{"start":{"line":24,"column":12},"end":{"line":34,"column":13}},"7":{"start":{"line":25,"column":16},"end":{"line":28,"column":30}},"8":{"start":{"line":30,"column":16},"end":{"line":33,"column":27}},"9":{"start":{"line":37,"column":8},"end":{"line":39,"column":21}},"10":{"start":{"line":41,"column":8},"end":{"line":41,"column":54}},"11":{"start":{"line":43,"column":8},"end":{"line":43,"column":54}},"12":{"start":{"line":45,"column":8},"end":{"line":51,"column":9}},"13":{"start":{"line":46,"column":12},"end":{"line":46,"column":60}},"14":{"start":{"line":48,"column":12},"end":{"line":48,"column":35}},"15":{"start":{"line":49,"column":12},"end":{"line":49,"column":49}},"16":{"start":{"line":50,"column":12},"end":{"line":50,"column":43}}},"branchMap":{"1":{"line":25,"type":"binary-expr","locations":[{"start":{"line":25,"column":23},"end":{"line":25,"column":62}},{"start":{"line":26,"column":20},"end":{"line":26,"column":70}},{"start":{"line":27,"column":20},"end":{"line":27,"column":71}},{"start":{"line":28,"column":20},"end":{"line":28,"column":29}}]},"2":{"line":30,"type":"binary-expr","locations":[{"start":{"line":30,"column":23},"end":{"line":30,"column":37}},{"start":{"line":31,"column":20},"end":{"line":31,"column":61}},{"start":{"line":32,"column":20},"end":{"line":32,"column":70}},{"start":{"line":33,"column":20},"end":{"line":33,"column":26}}]},"3":{"line":37,"type":"cond-expr","locations":[{"start":{"line":38,"column":14},"end":{"line":38,"column":20}},{"start":{"line":39,"column":14},"end":{"line":39,"column":20}}]},"4":{"line":41,"type":"binary-expr","locations":[{"start":{"line":41,"column":16},"end":{"line":41,"column":44}},{"start":{"line":41,"column":48},"end":{"line":41,"column":53}}]},"5":{"line":45,"type":"if","locations":[{"start":{"line":45,"column":8},"end":{"line":45,"column":8}},{"start":{"line":45,"column":8},"end":{"line":45,"column":8}}]}},"code":["/* istanbul instrument in package npmtest_reactable */","/*jslint","    bitwise: true,","    browser: true,","    maxerr: 8,","    maxlen: 96,","    node: true,","    nomen: true,","    regexp: true,","    stupid: true","*/","(function () {","    'use strict';","    var local;","","","","    // run shared js-env code - pre-init","    (function () {","        // init local","        local = {};","        // init modeJs","        local.modeJs = (function () {","            try {","                return typeof navigator.userAgent === 'string' &&","                    typeof document.querySelector('body') === 'object' &&","                    typeof XMLHttpRequest.prototype.open === 'function' &&","                    'browser';","            } catch (errorCaughtBrowser) {","                return module.exports &&","                    typeof process.versions.node === 'string' &&","                    typeof require('http').createServer === 'function' &&","                    'node';","            }","        }());","        // init global","        local.global = local.modeJs === 'browser'","            ? window","            : global;","        // init utility2_rollup","        local = local.global.utility2_rollup || local;","        // init lib","        local.local = local.npmtest_reactable = local;","        // init exports","        if (local.modeJs === 'browser') {","            local.global.utility2_npmtest_reactable = local;","        } else {","            module.exports = local;","            module.exports.__dirname = __dirname;","            module.exports.module = module;","        }","    }());","}());",""],"l":{"12":2,"14":2,"19":2,"21":2,"23":2,"24":2,"25":2,"30":1,"37":2,"41":2,"43":2,"45":2,"46":1,"48":1,"49":1,"50":1}},"/home/travis/build/npmtest/node-npmtest-reactable/example.js":{"path":"/home/travis/build/npmtest/node-npmtest-reactable/example.js","s":{"1":2,"2":2,"3":2,"4":2,"5":2,"6":2,"7":2,"8":1,"9":2,"10":2,"11":2,"12":2,"13":1,"14":2,"15":2,"16":2,"17":2,"18":2,"19":0,"20":2,"21":1,"22":1,"23":1,"24":1,"25":1,"26":0,"27":0,"28":1,"29":1,"30":2,"31":0,"32":0,"33":0,"34":1,"35":2,"36":2,"37":3,"38":3,"39":3,"40":3,"41":0,"42":3,"43":3,"44":3,"45":1,"46":3,"47":1,"48":1,"49":1,"50":1,"51":1,"52":1,"53":1,"54":1,"55":1,"56":1,"57":0,"58":1,"59":6,"60":6,"61":1,"62":2,"63":0,"64":2,"65":1,"66":1,"67":0,"68":0,"69":0,"70":0,"71":0,"72":0,"73":0,"74":0,"75":0,"76":0,"77":0,"78":0,"79":0,"80":0,"81":0,"82":0,"83":0},"b":{"1":[2,1,1,1],"2":[1,1,1,1],"3":[1,1],"4":[2,2],"5":[1,1],"6":[1,1],"7":[2,0],"8":[2,1,1,1,1,1],"9":[0,2,0],"10":[1,1],"11":[2,1,1],"12":[1,0],"13":[0,2],"14":[2,0,0,0,0,0,0],"15":[0,3],"16":[3,0],"17":[1,1],"18":[0,1],"19":[1,2,0,2],"20":[1,0],"21":[1,1],"22":[0,0],"23":[0,0],"24":[0,0],"25":[0,0],"26":[0,0],"27":[0,0],"28":[0,0]},"f":{"1":2,"2":2,"3":2,"4":2,"5":2,"6":2,"7":3,"8":3,"9":3,"10":1,"11":6,"12":0},"fnMap":{"1":{"name":"(anonymous_1)","line":26,"loc":{"start":{"line":26,"column":1},"end":{"line":26,"column":13}}},"2":{"name":"(anonymous_2)","line":33,"loc":{"start":{"line":33,"column":5},"end":{"line":33,"column":17}}},"3":{"name":"(anonymous_3)","line":37,"loc":{"start":{"line":37,"column":24},"end":{"line":37,"column":36}}},"4":{"name":"(anonymous_4)","line":69,"loc":{"start":{"line":69,"column":31},"end":{"line":69,"column":48}},"skip":true},"5":{"name":"(anonymous_5)","line":78,"loc":{"start":{"line":78,"column":26},"end":{"line":78,"column":45}},"skip":true},"6":{"name":"(anonymous_6)","line":123,"loc":{"start":{"line":123,"column":33},"end":{"line":123,"column":48}},"skip":true},"7":{"name":"(anonymous_7)","line":125,"loc":{"start":{"line":125,"column":27},"end":{"line":125,"column":39}},"skip":true},"8":{"name":"(anonymous_8)","line":133,"loc":{"start":{"line":133,"column":59},"end":{"line":133,"column":74}},"skip":true},"9":{"name":"(anonymous_9)","line":143,"loc":{"start":{"line":143,"column":45},"end":{"line":143,"column":62}},"skip":true},"10":{"name":"(anonymous_10)","line":144,"loc":{"start":{"line":144,"column":73},"end":{"line":144,"column":92}},"skip":true},"11":{"name":"(anonymous_11)","line":272,"loc":{"start":{"line":272,"column":51},"end":{"line":272,"column":77}},"skip":true},"12":{"name":"(anonymous_12)","line":315,"loc":{"start":{"line":315,"column":32},"end":{"line":315,"column":61}},"skip":true}},"statementMap":{"1":{"start":{"line":26,"column":0},"end":{"line":326,"column":5}},"2":{"start":{"line":28,"column":4},"end":{"line":28,"column":14}},"3":{"start":{"line":33,"column":4},"end":{"line":60,"column":9}},"4":{"start":{"line":35,"column":8},"end":{"line":35,"column":19}},"5":{"start":{"line":37,"column":8},"end":{"line":49,"column":13}},"6":{"start":{"line":38,"column":12},"end":{"line":48,"column":13}},"7":{"start":{"line":39,"column":16},"end":{"line":42,"column":30}},"8":{"start":{"line":44,"column":16},"end":{"line":47,"column":27}},"9":{"start":{"line":51,"column":8},"end":{"line":53,"column":21}},"10":{"start":{"line":55,"column":8},"end":{"line":57,"column":45}},"11":{"start":{"line":59,"column":8},"end":{"line":59,"column":35}},"12":{"start":{"line":61,"column":4},"end":{"line":325,"column":5}},"13":{"start":{"line":69,"column":8},"end":{"line":121,"column":10},"skip":true},"14":{"start":{"line":70,"column":12},"end":{"line":88,"column":13},"skip":true},"15":{"start":{"line":76,"column":16},"end":{"line":87,"column":19},"skip":true},"16":{"start":{"line":79,"column":20},"end":{"line":86,"column":21},"skip":true},"17":{"start":{"line":82,"column":24},"end":{"line":82,"column":43},"skip":true},"18":{"start":{"line":83,"column":24},"end":{"line":83,"column":30},"skip":true},"19":{"start":{"line":85,"column":24},"end":{"line":85,"column":49},"skip":true},"20":{"start":{"line":89,"column":12},"end":{"line":107,"column":13},"skip":true},"21":{"start":{"line":92,"column":16},"end":{"line":102,"column":17},"skip":true},"22":{"start":{"line":93,"column":20},"end":{"line":93,"column":86},"skip":true},"23":{"start":{"line":94,"column":20},"end":{"line":95,"column":45},"skip":true},"24":{"start":{"line":96,"column":20},"end":{"line":96,"column":42},"skip":true},"25":{"start":{"line":97,"column":20},"end":{"line":97,"column":48},"skip":true},"26":{"start":{"line":100,"column":20},"end":{"line":100,"column":85},"skip":true},"27":{"start":{"line":101,"column":20},"end":{"line":101,"column":96},"skip":true},"28":{"start":{"line":103,"column":16},"end":{"line":103,"column":22},"skip":true},"29":{"start":{"line":106,"column":16},"end":{"line":106,"column":22},"skip":true},"30":{"start":{"line":108,"column":12},"end":{"line":120,"column":13},"skip":true},"31":{"start":{"line":114,"column":16},"end":{"line":119,"column":17},"skip":true},"32":{"start":{"line":116,"column":20},"end":{"line":116,"column":78},"skip":true},"33":{"start":{"line":118,"column":20},"end":{"line":118,"column":47},"skip":true},"34":{"start":{"line":123,"column":8},"end":{"line":141,"column":11},"skip":true},"35":{"start":{"line":124,"column":12},"end":{"line":124,"column":54},"skip":true},"36":{"start":{"line":125,"column":12},"end":{"line":140,"column":14},"skip":true},"37":{"start":{"line":126,"column":16},"end":{"line":126,"column":28},"skip":true},"38":{"start":{"line":127,"column":16},"end":{"line":127,"column":69},"skip":true},"39":{"start":{"line":128,"column":16},"end":{"line":128,"column":75},"skip":true},"40":{"start":{"line":129,"column":16},"end":{"line":131,"column":17},"skip":true},"41":{"start":{"line":130,"column":20},"end":{"line":130,"column":27},"skip":true},"42":{"start":{"line":133,"column":16},"end":{"line":137,"column":36},"skip":true},"43":{"start":{"line":134,"column":20},"end":{"line":136,"column":55},"skip":true},"44":{"start":{"line":139,"column":16},"end":{"line":139,"column":57},"skip":true},"45":{"start":{"line":143,"column":8},"end":{"line":147,"column":11},"skip":true},"46":{"start":{"line":144,"column":12},"end":{"line":146,"column":15},"skip":true},"47":{"start":{"line":145,"column":16},"end":{"line":145,"column":70},"skip":true},"48":{"start":{"line":149,"column":8},"end":{"line":149,"column":31},"skip":true},"49":{"start":{"line":150,"column":8},"end":{"line":150,"column":14},"skip":true},"50":{"start":{"line":158,"column":8},"end":{"line":158,"column":31},"skip":true},"51":{"start":{"line":160,"column":8},"end":{"line":160,"column":33},"skip":true},"52":{"start":{"line":161,"column":8},"end":{"line":161,"column":37},"skip":true},"53":{"start":{"line":162,"column":8},"end":{"line":162,"column":35},"skip":true},"54":{"start":{"line":164,"column":8},"end":{"line":164,"column":50},"skip":true},"55":{"start":{"line":166,"column":8},"end":{"line":256,"column":2},"skip":true},"56":{"start":{"line":258,"column":8},"end":{"line":286,"column":9},"skip":true},"57":{"start":{"line":259,"column":12},"end":{"line":269,"column":14},"skip":true},"58":{"start":{"line":271,"column":12},"end":{"line":285,"column":19},"skip":true},"59":{"start":{"line":274,"column":20},"end":{"line":274,"column":35},"skip":true},"60":{"start":{"line":275,"column":20},"end":{"line":284,"column":21},"skip":true},"61":{"start":{"line":277,"column":24},"end":{"line":277,"column":64},"skip":true},"62":{"start":{"line":279,"column":24},"end":{"line":279,"column":40},"skip":true},"63":{"start":{"line":281,"column":24},"end":{"line":281,"column":40},"skip":true},"64":{"start":{"line":283,"column":24},"end":{"line":283,"column":39},"skip":true},"65":{"start":{"line":288,"column":8},"end":{"line":290,"column":9},"skip":true},"66":{"start":{"line":289,"column":12},"end":{"line":289,"column":18},"skip":true},"67":{"start":{"line":291,"column":8},"end":{"line":293,"column":54},"skip":true},"68":{"start":{"line":296,"column":8},"end":{"line":301,"column":37},"skip":true},"69":{"start":{"line":303,"column":8},"end":{"line":303,"column":82},"skip":true},"70":{"start":{"line":306,"column":8},"end":{"line":308,"column":9},"skip":true},"71":{"start":{"line":307,"column":12},"end":{"line":307,"column":82},"skip":true},"72":{"start":{"line":310,"column":8},"end":{"line":312,"column":9},"skip":true},"73":{"start":{"line":311,"column":12},"end":{"line":311,"column":18},"skip":true},"74":{"start":{"line":313,"column":8},"end":{"line":313,"column":54},"skip":true},"75":{"start":{"line":314,"column":8},"end":{"line":314,"column":69},"skip":true},"76":{"start":{"line":315,"column":8},"end":{"line":323,"column":36},"skip":true},"77":{"start":{"line":316,"column":12},"end":{"line":316,"column":61},"skip":true},"78":{"start":{"line":317,"column":12},"end":{"line":320,"column":13},"skip":true},"79":{"start":{"line":318,"column":16},"end":{"line":318,"column":75},"skip":true},"80":{"start":{"line":319,"column":16},"end":{"line":319,"column":23},"skip":true},"81":{"start":{"line":321,"column":12},"end":{"line":321,"column":38},"skip":true},"82":{"start":{"line":322,"column":12},"end":{"line":322,"column":27},"skip":true},"83":{"start":{"line":324,"column":8},"end":{"line":324,"column":14},"skip":true}},"branchMap":{"1":{"line":39,"type":"binary-expr","locations":[{"start":{"line":39,"column":23},"end":{"line":39,"column":62}},{"start":{"line":40,"column":20},"end":{"line":40,"column":70}},{"start":{"line":41,"column":20},"end":{"line":41,"column":71}},{"start":{"line":42,"column":20},"end":{"line":42,"column":29}}]},"2":{"line":44,"type":"binary-expr","locations":[{"start":{"line":44,"column":23},"end":{"line":44,"column":37}},{"start":{"line":45,"column":20},"end":{"line":45,"column":61}},{"start":{"line":46,"column":20},"end":{"line":46,"column":70}},{"start":{"line":47,"column":20},"end":{"line":47,"column":26}}]},"3":{"line":51,"type":"cond-expr","locations":[{"start":{"line":52,"column":14},"end":{"line":52,"column":20}},{"start":{"line":53,"column":14},"end":{"line":53,"column":20}}]},"4":{"line":55,"type":"binary-expr","locations":[{"start":{"line":55,"column":16},"end":{"line":55,"column":44}},{"start":{"line":55,"column":49},"end":{"line":57,"column":43}}]},"5":{"line":55,"type":"cond-expr","locations":[{"start":{"line":56,"column":14},"end":{"line":56,"column":53}},{"start":{"line":57,"column":14},"end":{"line":57,"column":43}}]},"6":{"line":61,"type":"switch","locations":[{"start":{"line":68,"column":4},"end":{"line":150,"column":14},"skip":true},{"start":{"line":156,"column":4},"end":{"line":324,"column":14},"skip":true}]},"7":{"line":70,"type":"if","locations":[{"start":{"line":70,"column":12},"end":{"line":70,"column":12},"skip":true},{"start":{"line":70,"column":12},"end":{"line":70,"column":12},"skip":true}]},"8":{"line":70,"type":"binary-expr","locations":[{"start":{"line":70,"column":16},"end":{"line":70,"column":22},"skip":true},{"start":{"line":70,"column":27},"end":{"line":70,"column":32},"skip":true},{"start":{"line":71,"column":20},"end":{"line":71,"column":39},"skip":true},{"start":{"line":72,"column":20},"end":{"line":72,"column":49},"skip":true},{"start":{"line":73,"column":20},"end":{"line":73,"column":58},"skip":true},{"start":{"line":74,"column":20},"end":{"line":74,"column":69},"skip":true}]},"9":{"line":79,"type":"switch","locations":[{"start":{"line":80,"column":20},"end":{"line":80,"column":33},"skip":true},{"start":{"line":81,"column":20},"end":{"line":83,"column":30},"skip":true},{"start":{"line":84,"column":20},"end":{"line":85,"column":49},"skip":true}]},"10":{"line":89,"type":"switch","locations":[{"start":{"line":90,"column":12},"end":{"line":103,"column":22},"skip":true},{"start":{"line":105,"column":12},"end":{"line":106,"column":22},"skip":true}]},"11":{"line":89,"type":"binary-expr","locations":[{"start":{"line":89,"column":20},"end":{"line":89,"column":25},"skip":true},{"start":{"line":89,"column":29},"end":{"line":89,"column":48},"skip":true},{"start":{"line":89,"column":52},"end":{"line":89,"column":74},"skip":true}]},"12":{"line":92,"type":"if","locations":[{"start":{"line":92,"column":16},"end":{"line":92,"column":16},"skip":true},{"start":{"line":92,"column":16},"end":{"line":92,"column":16},"skip":true}]},"13":{"line":108,"type":"if","locations":[{"start":{"line":108,"column":12},"end":{"line":108,"column":12},"skip":true},{"start":{"line":108,"column":12},"end":{"line":108,"column":12},"skip":true}]},"14":{"line":108,"type":"binary-expr","locations":[{"start":{"line":108,"column":16},"end":{"line":108,"column":61},"skip":true},{"start":{"line":108,"column":66},"end":{"line":108,"column":72},"skip":true},{"start":{"line":108,"column":77},"end":{"line":108,"column":82},"skip":true},{"start":{"line":109,"column":20},"end":{"line":109,"column":39},"skip":true},{"start":{"line":110,"column":20},"end":{"line":110,"column":49},"skip":true},{"start":{"line":111,"column":20},"end":{"line":111,"column":58},"skip":true},{"start":{"line":112,"column":20},"end":{"line":112,"column":68},"skip":true}]},"15":{"line":129,"type":"if","locations":[{"start":{"line":129,"column":16},"end":{"line":129,"column":16},"skip":true},{"start":{"line":129,"column":16},"end":{"line":129,"column":16},"skip":true}]},"16":{"line":134,"type":"cond-expr","locations":[{"start":{"line":135,"column":26},"end":{"line":135,"column":29},"skip":true},{"start":{"line":136,"column":26},"end":{"line":136,"column":54},"skip":true}]},"17":{"line":164,"type":"binary-expr","locations":[{"start":{"line":164,"column":27},"end":{"line":164,"column":43},"skip":true},{"start":{"line":164,"column":47},"end":{"line":164,"column":49},"skip":true}]},"18":{"line":258,"type":"if","locations":[{"start":{"line":258,"column":8},"end":{"line":258,"column":8},"skip":true},{"start":{"line":258,"column":8},"end":{"line":258,"column":8},"skip":true}]},"19":{"line":275,"type":"switch","locations":[{"start":{"line":276,"column":20},"end":{"line":277,"column":64},"skip":true},{"start":{"line":278,"column":20},"end":{"line":279,"column":40},"skip":true},{"start":{"line":280,"column":20},"end":{"line":281,"column":40},"skip":true},{"start":{"line":282,"column":20},"end":{"line":283,"column":39},"skip":true}]},"20":{"line":288,"type":"if","locations":[{"start":{"line":288,"column":8},"end":{"line":288,"column":8},"skip":true},{"start":{"line":288,"column":8},"end":{"line":288,"column":8},"skip":true}]},"21":{"line":288,"type":"binary-expr","locations":[{"start":{"line":288,"column":12},"end":{"line":288,"column":40},"skip":true},{"start":{"line":288,"column":44},"end":{"line":288,"column":67},"skip":true}]},"22":{"line":292,"type":"binary-expr","locations":[{"start":{"line":292,"column":12},"end":{"line":292,"column":50},"skip":true},{"start":{"line":293,"column":12},"end":{"line":293,"column":53},"skip":true}]},"23":{"line":297,"type":"binary-expr","locations":[{"start":{"line":297,"column":12},"end":{"line":297,"column":67},"skip":true},{"start":{"line":298,"column":12},"end":{"line":301,"column":36},"skip":true}]},"24":{"line":303,"type":"binary-expr","locations":[{"start":{"line":303,"column":43},"end":{"line":303,"column":75},"skip":true},{"start":{"line":303,"column":79},"end":{"line":303,"column":81},"skip":true}]},"25":{"line":306,"type":"if","locations":[{"start":{"line":306,"column":8},"end":{"line":306,"column":8},"skip":true},{"start":{"line":306,"column":8},"end":{"line":306,"column":8},"skip":true}]},"26":{"line":310,"type":"if","locations":[{"start":{"line":310,"column":8},"end":{"line":310,"column":8},"skip":true},{"start":{"line":310,"column":8},"end":{"line":310,"column":8},"skip":true}]},"27":{"line":313,"type":"binary-expr","locations":[{"start":{"line":313,"column":27},"end":{"line":313,"column":43},"skip":true},{"start":{"line":313,"column":47},"end":{"line":313,"column":53},"skip":true}]},"28":{"line":317,"type":"if","locations":[{"start":{"line":317,"column":12},"end":{"line":317,"column":12},"skip":true},{"start":{"line":317,"column":12},"end":{"line":317,"column":12},"skip":true}]}},"code":["/*","example.js","","quickstart example","","instruction","    1. save this script as example.js","    2. run the shell command:","        $ npm install npmtest-reactable && PORT=8081 node example.js","    3. play with the browser-demo on http://127.0.0.1:8081","*/","","","","/* istanbul instrument in package npmtest_reactable */","/*jslint","    bitwise: true,","    browser: true,","    maxerr: 8,","    maxlen: 96,","    node: true,","    nomen: true,","    regexp: true,","    stupid: true","*/","(function () {","    'use strict';","    var local;","","","","    // run shared js-env code - pre-init","    (function () {","        // init local","        local = {};","        // init modeJs","        local.modeJs = (function () {","            try {","                return typeof navigator.userAgent === 'string' &&","                    typeof document.querySelector('body') === 'object' &&","                    typeof XMLHttpRequest.prototype.open === 'function' &&","                    'browser';","            } catch (errorCaughtBrowser) {","                return module.exports &&","                    typeof process.versions.node === 'string' &&","                    typeof require('http').createServer === 'function' &&","                    'node';","            }","        }());","        // init global","        local.global = local.modeJs === 'browser'","            ? window","            : global;","        // init utility2_rollup","        local = local.global.utility2_rollup || (local.modeJs === 'browser'","            ? local.global.utility2_npmtest_reactable","            : global.utility2_moduleExports);","        // export local","        local.global.local = local;","    }());","    switch (local.modeJs) {","","","","    // post-init","    // run browser js-env code - post-init","    /* istanbul ignore next */","    case 'browser':","        local.testRunBrowser = function (event) {","            if (!event || (event &&","                    event.currentTarget &&","                    event.currentTarget.className &&","                    event.currentTarget.className.includes &&","                    event.currentTarget.className.includes('onreset'))) {","                // reset output","                Array.from(","                    document.querySelectorAll('body > .resettable')","                ).forEach(function (element) {","                    switch (element.tagName) {","                    case 'INPUT':","                    case 'TEXTAREA':","                        element.value = '';","                        break;","                    default:","                        element.textContent = '';","                    }","                });","            }","            switch (event && event.currentTarget && event.currentTarget.id) {","            case 'testRunButton1':","                // show tests","                if (document.querySelector('#testReportDiv1').style.display === 'none') {","                    document.querySelector('#testReportDiv1').style.display = 'block';","                    document.querySelector('#testRunButton1').textContent =","                        'hide internal test';","                    local.modeTest = true;","                    local.testRunDefault(local);","                // hide tests","                } else {","                    document.querySelector('#testReportDiv1').style.display = 'none';","                    document.querySelector('#testRunButton1').textContent = 'run internal test';","                }","                break;","            // custom-case","            default:","                break;","            }","            if (document.querySelector('#inputTextareaEval1') && (!event || (event &&","                    event.currentTarget &&","                    event.currentTarget.className &&","                    event.currentTarget.className.includes &&","                    event.currentTarget.className.includes('oneval')))) {","                // try to eval input-code","                try {","                    /*jslint evil: true*/","                    eval(document.querySelector('#inputTextareaEval1').value);","                } catch (errorCaught) {","                    console.error(errorCaught);","                }","            }","        };","        // log stderr and stdout to #outputTextareaStdout1","        ['error', 'log'].forEach(function (key) {","            console[key + '_original'] = console[key];","            console[key] = function () {","                var element;","                console[key + '_original'].apply(console, arguments);","                element = document.querySelector('#outputTextareaStdout1');","                if (!element) {","                    return;","                }","                // append text to #outputTextareaStdout1","                element.value += Array.from(arguments).map(function (arg) {","                    return typeof arg === 'string'","                        ? arg","                        : JSON.stringify(arg, null, 4);","                }).join(' ') + '\\n';","                // scroll textarea to bottom","                element.scrollTop = element.scrollHeight;","            };","        });","        // init event-handling","        ['change', 'click', 'keyup'].forEach(function (event) {","            Array.from(document.querySelectorAll('.on' + event)).forEach(function (element) {","                element.addEventListener(event, local.testRunBrowser);","            });","        });","        // run tests","        local.testRunBrowser();","        break;","","","","    // run node js-env code - post-init","    /* istanbul ignore next */","    case 'node':","        // export local","        module.exports = local;","        // require modules","        local.fs = require('fs');","        local.http = require('http');","        local.url = require('url');","        // init assets","        local.assetsDict = local.assetsDict || {};","        /* jslint-ignore-begin */","        local.assetsDict['/assets.index.template.html'] = '\\","<!doctype html>\\n\\","<html lang=\"en\">\\n\\","<head>\\n\\","<meta charset=\"UTF-8\">\\n\\","<meta name=\"viewport\" content=\"width=device-width, initial-scale=1\">\\n\\","<title>{{env.npm_package_name}} (v{{env.npm_package_version}})</title>\\n\\","<style>\\n\\","/*csslint\\n\\","    box-sizing: false,\\n\\","    universal-selector: false\\n\\","*/\\n\\","* {\\n\\","    box-sizing: border-box;\\n\\","}\\n\\","body {\\n\\","    background: #dde;\\n\\","    font-family: Arial, Helvetica, sans-serif;\\n\\","    margin: 2rem;\\n\\","}\\n\\","body > * {\\n\\","    margin-bottom: 1rem;\\n\\","}\\n\\",".utility2FooterDiv {\\n\\","    margin-top: 20px;\\n\\","    text-align: center;\\n\\","}\\n\\","</style>\\n\\","<style>\\n\\","/*csslint\\n\\","*/\\n\\","textarea {\\n\\","    font-family: monospace;\\n\\","    height: 10rem;\\n\\","    width: 100%;\\n\\","}\\n\\","textarea[readonly] {\\n\\","    background: #ddd;\\n\\","}\\n\\","</style>\\n\\","</head>\\n\\","<body>\\n\\","<!-- utility2-comment\\n\\","<div id=\"ajaxProgressDiv1\" style=\"background: #d00; height: 2px; left: 0; margin: 0; padding: 0; position: fixed; top: 0; transition: background 0.5s, width 1.5s; width: 25%;\"></div>\\n\\","utility2-comment -->\\n\\","<h1>\\n\\","<!-- utility2-comment\\n\\","    <a\\n\\","        {{#if env.npm_package_homepage}}\\n\\","        href=\"{{env.npm_package_homepage}}\"\\n\\","        {{/if env.npm_package_homepage}}\\n\\","        target=\"_blank\"\\n\\","    >\\n\\","utility2-comment -->\\n\\","        {{env.npm_package_name}} (v{{env.npm_package_version}})\\n\\","<!-- utility2-comment\\n\\","    </a>\\n\\","utility2-comment -->\\n\\","</h1>\\n\\","<h3>{{env.npm_package_description}}</h3>\\n\\","<!-- utility2-comment\\n\\","<h4><a download href=\"assets.app.js\">download standalone app</a></h4>\\n\\","<button class=\"onclick onreset\" id=\"testRunButton1\">run internal test</button><br>\\n\\","<div id=\"testReportDiv1\" style=\"display: none;\"></div>\\n\\","utility2-comment -->\\n\\","\\n\\","\\n\\","\\n\\","<label>stderr and stdout</label>\\n\\","<textarea class=\"resettable\" id=\"outputTextareaStdout1\" readonly></textarea>\\n\\","<!-- utility2-comment\\n\\","{{#if isRollup}}\\n\\","<script src=\"assets.app.js\"></script>\\n\\","{{#unless isRollup}}\\n\\","utility2-comment -->\\n\\","<script src=\"assets.utility2.rollup.js\"></script>\\n\\","<script src=\"jsonp.utility2._stateInit?callback=window.utility2._stateInit\"></script>\\n\\","<script src=\"assets.npmtest_reactable.rollup.js\"></script>\\n\\","<script src=\"assets.example.js\"></script>\\n\\","<script src=\"assets.test.js\"></script>\\n\\","<!-- utility2-comment\\n\\","{{/if isRollup}}\\n\\","utility2-comment -->\\n\\","<div class=\"utility2FooterDiv\">\\n\\","    [ this app was created with\\n\\","    <a href=\"https://github.com/kaizhu256/node-utility2\" target=\"_blank\">utility2</a>\\n\\","    ]\\n\\","</div>\\n\\","</body>\\n\\","</html>\\n\\","';","        /* jslint-ignore-end */","        if (local.templateRender) {","            local.assetsDict['/'] = local.templateRender(","                local.assetsDict['/assets.index.template.html'],","                {","                    env: local.objectSetDefault(local.env, {","                        npm_package_description: 'the greatest app in the world!',","                        npm_package_name: 'my-app',","                        npm_package_nameAlias: 'my_app',","                        npm_package_version: '0.0.1'","                    })","                }","            );","        } else {","            local.assetsDict['/'] = local.assetsDict['/assets.index.template.html']","                .replace((/\\{\\{env\\.(\\w+?)\\}\\}/g), function (match0, match1) {","                    // jslint-hack","                    String(match0);","                    switch (match1) {","                    case 'npm_package_description':","                        return 'the greatest app in the world!';","                    case 'npm_package_name':","                        return 'my-app';","                    case 'npm_package_nameAlias':","                        return 'my_app';","                    case 'npm_package_version':","                        return '0.0.1';","                    }","                });","        }","        // run the cli","        if (local.global.utility2_rollup || module !== require.main) {","            break;","        }","        local.assetsDict['/assets.example.js'] =","            local.assetsDict['/assets.example.js'] ||","            local.fs.readFileSync(__filename, 'utf8');","        // bug-workaround - long $npm_package_buildCustomOrg","        /* jslint-ignore-begin */","        local.assetsDict['/assets.npmtest_reactable.rollup.js'] =","            local.assetsDict['/assets.npmtest_reactable.rollup.js'] ||","            local.fs.readFileSync(","                local.npmtest_reactable.__dirname + '/lib.npmtest_reactable.js',","                'utf8'","            ).replace((/^#!/), '//');","        /* jslint-ignore-end */","        local.assetsDict['/favicon.ico'] = local.assetsDict['/favicon.ico'] || '';","        // if $npm_config_timeout_exit exists,","        // then exit this process after $npm_config_timeout_exit ms","        if (Number(process.env.npm_config_timeout_exit)) {","            setTimeout(process.exit, Number(process.env.npm_config_timeout_exit));","        }","        // start server","        if (local.global.utility2_serverHttp1) {","            break;","        }","        process.env.PORT = process.env.PORT || '8081';","        console.error('server starting on port ' + process.env.PORT);","        local.http.createServer(function (request, response) {","            request.urlParsed = local.url.parse(request.url);","            if (local.assetsDict[request.urlParsed.pathname] !== undefined) {","                response.end(local.assetsDict[request.urlParsed.pathname]);","                return;","            }","            response.statusCode = 404;","            response.end();","        }).listen(process.env.PORT);","        break;","    }","}());",""],"l":{"26":2,"28":2,"33":2,"35":2,"37":2,"38":2,"39":2,"44":1,"51":2,"55":2,"59":2,"61":2,"69":1,"70":2,"76":2,"79":2,"82":2,"83":2,"85":1,"89":2,"92":1,"93":1,"94":1,"96":1,"97":1,"100":1,"101":1,"103":1,"106":1,"108":2,"114":1,"116":1,"118":1,"123":1,"124":2,"125":2,"126":3,"127":3,"128":3,"129":3,"130":1,"133":3,"134":3,"139":3,"143":1,"144":3,"145":1,"149":1,"150":1,"158":1,"160":1,"161":1,"162":1,"164":1,"166":1,"258":1,"259":1,"271":1,"274":6,"275":6,"277":1,"279":2,"281":1,"283":2,"288":1,"289":1,"291":1,"296":1,"303":1,"306":1,"307":1,"310":1,"311":1,"313":1,"314":1,"315":1,"316":1,"317":1,"318":1,"319":1,"321":1,"322":1,"324":1}},"/home/travis/build/npmtest/node-npmtest-reactable/node_modules/reactable/lib/reactable.js":{"path":"/home/travis/build/npmtest/node-npmtest-reactable/node_modules/reactable/lib/reactable.js","s":{"1":4,"2":1,"3":4,"4":4,"5":4,"6":4,"7":0,"8":0,"9":0,"10":0,"11":0,"12":0,"13":0,"14":0,"15":0,"16":0,"17":0,"18":0,"19":0,"20":0,"21":0,"22":0,"23":0,"24":0,"25":0,"26":0,"27":0,"28":0,"29":0,"30":0,"31":0,"32":0,"33":0,"34":0,"35":0,"36":0,"37":0},"b":{"1":[0,4],"2":[4,4],"3":[0,0],"4":[0,0],"5":[0,0],"6":[0,0],"7":[0,0],"8":[0,0],"9":[0,0]},"f":{"1":4,"2":0,"3":0,"4":0},"fnMap":{"1":{"name":"_interopRequireDefault","line":7,"loc":{"start":{"line":7,"column":0},"end":{"line":7,"column":37}}},"2":{"name":"(anonymous_2)","line":29,"loc":{"start":{"line":29,"column":39},"end":{"line":29,"column":59}}},"3":{"name":"(anonymous_3)","line":30,"loc":{"start":{"line":30,"column":53},"end":{"line":30,"column":66}}},"4":{"name":"value","line":41,"loc":{"start":{"line":41,"column":15},"end":{"line":41,"column":41}}}},"statementMap":{"1":{"start":{"line":3,"column":0},"end":{"line":5,"column":3}},"2":{"start":{"line":7,"column":0},"end":{"line":7,"column":97}},"3":{"start":{"line":7,"column":39},"end":{"line":7,"column":95}},"4":{"start":{"line":9,"column":0},"end":{"line":9,"column":30}},"5":{"start":{"line":11,"column":0},"end":{"line":11,"column":45}},"6":{"start":{"line":13,"column":0},"end":{"line":13,"column":51}},"7":{"start":{"line":15,"column":0},"end":{"line":15,"column":45}},"8":{"start":{"line":17,"column":0},"end":{"line":17,"column":45}},"9":{"start":{"line":19,"column":0},"end":{"line":19,"column":45}},"10":{"start":{"line":21,"column":0},"end":{"line":21,"column":51}},"11":{"start":{"line":23,"column":0},"end":{"line":23,"column":51}},"12":{"start":{"line":25,"column":0},"end":{"line":25,"column":49}},"13":{"start":{"line":27,"column":0},"end":{"line":27,"column":53}},"14":{"start":{"line":29,"column":0},"end":{"line":33,"column":2}},"15":{"start":{"line":30,"column":4},"end":{"line":32,"column":13}},"16":{"start":{"line":31,"column":8},"end":{"line":31,"column":17}},"17":{"start":{"line":36,"column":0},"end":{"line":63,"column":1}},"18":{"start":{"line":37,"column":4},"end":{"line":62,"column":7}},"19":{"start":{"line":42,"column":12},"end":{"line":44,"column":13}},"20":{"start":{"line":43,"column":16},"end":{"line":43,"column":88}},"21":{"start":{"line":45,"column":12},"end":{"line":47,"column":13}},"22":{"start":{"line":46,"column":16},"end":{"line":46,"column":68}},"23":{"start":{"line":48,"column":12},"end":{"line":48,"column":36}},"24":{"start":{"line":49,"column":12},"end":{"line":49,"column":43}},"25":{"start":{"line":50,"column":12},"end":{"line":50,"column":39}},"26":{"start":{"line":51,"column":12},"end":{"line":51,"column":22}},"27":{"start":{"line":52,"column":12},"end":{"line":59,"column":13}},"28":{"start":{"line":53,"column":16},"end":{"line":58,"column":17}},"29":{"start":{"line":54,"column":20},"end":{"line":54,"column":36}},"30":{"start":{"line":55,"column":20},"end":{"line":57,"column":21}},"31":{"start":{"line":56,"column":24},"end":{"line":56,"column":37}},"32":{"start":{"line":60,"column":12},"end":{"line":60,"column":29}},"33":{"start":{"line":65,"column":0},"end":{"line":65,"column":232}},"34":{"start":{"line":67,"column":0},"end":{"line":67,"column":31}},"35":{"start":{"line":69,"column":0},"end":{"line":71,"column":1}},"36":{"start":{"line":70,"column":4},"end":{"line":70,"column":33}},"37":{"start":{"line":72,"column":0},"end":{"line":72,"column":36}}},"branchMap":{"1":{"line":7,"type":"cond-expr","locations":[{"start":{"line":7,"column":70},"end":{"line":7,"column":73}},{"start":{"line":7,"column":76},"end":{"line":7,"column":94}}]},"2":{"line":7,"type":"binary-expr","locations":[{"start":{"line":7,"column":46},"end":{"line":7,"column":49}},{"start":{"line":7,"column":53},"end":{"line":7,"column":67}}]},"3":{"line":30,"type":"binary-expr","locations":[{"start":{"line":30,"column":11},"end":{"line":32,"column":6}},{"start":{"line":32,"column":10},"end":{"line":32,"column":12}}]},"4":{"line":36,"type":"if","locations":[{"start":{"line":36,"column":0},"end":{"line":36,"column":0}},{"start":{"line":36,"column":0},"end":{"line":36,"column":0}}]},"5":{"line":42,"type":"if","locations":[{"start":{"line":42,"column":12},"end":{"line":42,"column":12}},{"start":{"line":42,"column":12},"end":{"line":42,"column":12}}]},"6":{"line":45,"type":"if","locations":[{"start":{"line":45,"column":12},"end":{"line":45,"column":12}},{"start":{"line":45,"column":12},"end":{"line":45,"column":12}}]},"7":{"line":53,"type":"if","locations":[{"start":{"line":53,"column":16},"end":{"line":53,"column":16}},{"start":{"line":53,"column":16},"end":{"line":53,"column":16}}]},"8":{"line":55,"type":"if","locations":[{"start":{"line":55,"column":20},"end":{"line":55,"column":20}},{"start":{"line":55,"column":20},"end":{"line":55,"column":20}}]},"9":{"line":69,"type":"if","locations":[{"start":{"line":69,"column":0},"end":{"line":69,"column":0}},{"start":{"line":69,"column":0},"end":{"line":69,"column":0}}]}},"code":["'use strict';","","Object.defineProperty(exports, '__esModule', {","    value: true","});","","function _interopRequireDefault(obj) { return obj && obj.__esModule ? obj : { 'default': obj }; }","","var _react = require('react');","","var _react2 = _interopRequireDefault(_react);","","var _reactableTable = require('./reactable/table');","","var _reactableTr = require('./reactable/tr');","","var _reactableTd = require('./reactable/td');","","var _reactableTh = require('./reactable/th');","","var _reactableTfoot = require('./reactable/tfoot');","","var _reactableThead = require('./reactable/thead');","","var _reactableSort = require('./reactable/sort');","","var _reactableUnsafe = require('./reactable/unsafe');","","_react2['default'].Children.children = function (children) {","    return _react2['default'].Children.map(children, function (x) {","        return x;","    }) || [];","};","","// Array.prototype.find polyfill - see https://developer.mozilla.org/en-US/docs/Web/JavaScript/Reference/Global_Objects/Array/find","if (!Array.prototype.find) {","    Object.defineProperty(Array.prototype, 'find', {","        enumerable: false,","        configurable: true,","        writable: true,","        value: function value(predicate) {","            if (this === null) {","                throw new TypeError('Array.prototype.find called on null or undefined');","            }","            if (typeof predicate !== 'function') {","                throw new TypeError('predicate must be a function');","            }","            var list = Object(this);","            var length = list.length >>> 0;","            var thisArg = arguments[1];","            var value;","            for (var i = 0; i < length; i++) {","                if (i in list) {","                    value = list[i];","                    if (predicate.call(thisArg, value, i, list)) {","                        return value;","                    }","                }","            }","            return undefined;","        }","    });","}","","var Reactable = { Table: _reactableTable.Table, Tr: _reactableTr.Tr, Td: _reactableTd.Td, Th: _reactableTh.Th, Tfoot: _reactableTfoot.Tfoot, Thead: _reactableThead.Thead, Sort: _reactableSort.Sort, unsafe: _reactableUnsafe.unsafe };","","exports['default'] = Reactable;","","if (typeof window !== 'undefined') {","    window.Reactable = Reactable;","}","module.exports = exports['default'];",""],"l":{"3":4,"7":4,"9":4,"11":4,"13":4,"15":0,"17":0,"19":0,"21":0,"23":0,"25":0,"27":0,"29":0,"30":0,"31":0,"36":0,"37":0,"42":0,"43":0,"45":0,"46":0,"48":0,"49":0,"50":0,"51":0,"52":0,"53":0,"54":0,"55":0,"56":0,"60":0,"65":0,"67":0,"69":0,"70":0,"72":0}},"/home/travis/build/npmtest/node-npmtest-reactable/node_modules/reactable/lib/reactable/table.js":{"path":"/home/travis/build/npmtest/node-npmtest-reactable/node_modules/reactable/lib/reactable/table.js","s":{"1":6,"2":6,"3":0,"4":0,"5":0,"6":0,"7":0,"8":0,"9":6,"10":1,"11":0,"12":0,"13":0,"14":0,"15":0,"16":0,"17":0,"18":6,"19":0,"20":0,"21":0,"22":0,"23":0,"24":6,"25":0,"26":0,"27":0,"28":0,"29":0,"30":0,"31":0,"32":0,"33":0,"34":0,"35":0,"36":0,"37":0,"38":0,"39":0,"40":0,"41":0,"42":0,"43":0,"44":0,"45":0,"46":0,"47":0,"48":0,"49":1,"50":6,"51":1,"52":0,"53":0,"54":1,"55":0,"56":0,"57":0,"58":0,"59":0,"60":6,"61":6,"62":6,"63":6,"64":6,"65":6,"66":0,"67":0,"68":0,"69":0,"70":0,"71":0,"72":1,"73":0,"74":0,"75":0,"76":0,"77":0,"78":0,"79":0,"80":0,"81":0,"82":0,"83":0,"84":0,"85":0,"86":0,"87":0,"88":0,"89":0,"90":0,"91":0,"92":0,"93":0,"94":0,"95":0,"96":0,"97":0,"98":0,"99":0,"100":0,"101":0,"102":0,"103":0,"104":0,"105":0,"106":0,"107":0,"108":0,"109":0,"110":0,"111":0,"112":0,"113":0,"114":0,"115":0,"116":0,"117":0,"118":0,"119":0,"120":0,"121":0,"122":0,"123":0,"124":0,"125":0,"126":0,"127":0,"128":0,"129":0,"130":0,"131":0,"132":0,"133":0,"134":0,"135":0,"136":0,"137":0,"138":0,"139":0,"140":0,"141":0,"142":0,"143":0,"144":0,"145":0,"146":0,"147":0,"148":0,"149":0,"150":0,"151":0,"152":0,"153":0,"154":0,"155":0,"156":0,"157":0,"158":0,"159":0,"160":0,"161":0,"162":0,"163":0,"164":0,"165":0,"166":0,"167":0,"168":0,"169":0,"170":0,"171":0,"172":0,"173":0,"174":0,"175":0,"176":0,"177":0,"178":0,"179":0,"180":0,"181":0,"182":0,"183":0,"184":0,"185":0,"186":0,"187":0,"188":0,"189":0,"190":0,"191":0,"192":0,"193":0,"194":0,"195":0,"196":0,"197":0,"198":0,"199":0,"200":0,"201":0,"202":0,"203":0,"204":0,"205":0,"206":0,"207":0,"208":0,"209":0,"210":0,"211":0,"212":0,"213":0,"214":0,"215":0,"216":0,"217":0,"218":0,"219":0,"220":0,"221":0,"222":0,"223":0,"224":0,"225":0,"226":0,"227":0,"228":0,"229":0,"230":0,"231":0,"232":0,"233":0,"234":0,"235":0,"236":0,"237":0,"238":0,"239":0,"240":0,"241":0,"242":0,"243":0,"244":0,"245":0,"246":0,"247":0,"248":0,"249":0,"250":0,"251":0,"252":0,"253":0,"254":0,"255":0,"256":0,"257":0,"258":0,"259":0,"260":0,"261":0,"262":0,"263":0,"264":0,"265":0,"266":0,"267":0,"268":0,"269":0,"270":0,"271":0,"272":0,"273":0,"274":0,"275":0,"276":0,"277":0,"278":0,"279":0,"280":0,"281":0,"282":0,"283":0,"284":0,"285":0,"286":0,"287":0,"288":0,"289":0,"290":0,"291":0,"292":0,"293":0,"294":0,"295":0,"296":0},"b":{"1":[6,0],"2":[0,0],"3":[0,0],"4":[0,0],"5":[0,0],"6":[0,0],"7":[0,0],"8":[0,0],"9":[0,0],"10":[0,0],"11":[0,0],"12":[0,6],"13":[6,6],"14":[0,0],"15":[0,0],"16":[0,0],"17":[0,0],"18":[0,0],"19":[0,0],"20":[0,0],"21":[0,0],"22":[0,0],"23":[0,0],"24":[0,0],"25":[0,0],"26":[0,0],"27":[0,0],"28":[0,0],"29":[0,0],"30":[0,0],"31":[0,0,0,0],"32":[0,0],"33":[0,0],"34":[0,0],"35":[0,0],"36":[0,0],"37":[0,0],"38":[0,0],"39":[0,0],"40":[0,0],"41":[0,0],"42":[0,0],"43":[0,0],"44":[0,0],"45":[0,0],"46":[0,0],"47":[0,0],"48":[0,0],"49":[0,0],"50":[0,0],"51":[0,0],"52":[0,0],"53":[0,0],"54":[0,0],"55":[0,0],"56":[0,0],"57":[0,0],"58":[0,0,0],"59":[0,0],"60":[0,0],"61":[0,0],"62":[0,0],"63":[0,0],"64":[0,0],"65":[0,0],"66":[0,0],"67":[0,0],"68":[0,0],"69":[0,0],"70":[0,0],"71":[0,0],"72":[0,0],"73":[0,0],"74":[0,0],"75":[0,0],"76":[0,0],"77":[0,0],"78":[0,0],"79":[0,0],"80":[0,0],"81":[0,0],"82":[0,0,0],"83":[0,0],"84":[0,0],"85":[0,0],"86":[0,0],"87":[0,0],"88":[0,0],"89":[0,0],"90":[0,0],"91":[0,0],"92":[0,0],"93":[0,0],"94":[0,0],"95":[0,0,0,0],"96":[0,0],"97":[0,0],"98":[0,0],"99":[0,0],"100":[0,0],"101":[0,0],"102":[0,0,0],"103":[0,0],"104":[0,0],"105":[0,0],"106":[0,0]},"f":{"1":0,"2":6,"3":0,"4":0,"5":0,"6":6,"7":0,"8":0,"9":0,"10":0,"11":0,"12":0,"13":0,"14":0,"15":0,"16":0,"17":0,"18":0,"19":0,"20":0,"21":0,"22":0,"23":0,"24":0,"25":0,"26":0,"27":0,"28":0,"29":0,"30":0,"31":0,"32":0,"33":0,"34":0},"fnMap":{"1":{"name":"(anonymous_1)","line":7,"loc":{"start":{"line":7,"column":32},"end":{"line":7,"column":50}}},"2":{"name":"(anonymous_2)","line":9,"loc":{"start":{"line":9,"column":20},"end":{"line":9,"column":32}}},"3":{"name":"defineProperties","line":9,"loc":{"start":{"line":9,"column":34},"end":{"line":9,"column":75}}},"4":{"name":"(anonymous_4)","line":9,"loc":{"start":{"line":9,"column":358},"end":{"line":9,"column":406}}},"5":{"name":"get","line":11,"loc":{"start":{"line":11,"column":11},"end":{"line":11,"column":38}}},"6":{"name":"_interopRequireDefault","line":13,"loc":{"start":{"line":13,"column":0},"end":{"line":13,"column":37}}},"7":{"name":"_classCallCheck","line":15,"loc":{"start":{"line":15,"column":0},"end":{"line":15,"column":48}}},"8":{"name":"_inherits","line":17,"loc":{"start":{"line":17,"column":0},"end":{"line":17,"column":41}}},"9":{"name":"(anonymous_9)","line":39,"loc":{"start":{"line":39,"column":13},"end":{"line":39,"column":41}}},"10":{"name":"Table","line":42,"loc":{"start":{"line":42,"column":4},"end":{"line":42,"column":26}}},"11":{"name":"filterBy","line":65,"loc":{"start":{"line":65,"column":15},"end":{"line":65,"column":41}}},"12":{"name":"translateColumnsArray","line":73,"loc":{"start":{"line":73,"column":15},"end":{"line":73,"column":55}}},"13":{"name":"(anonymous_13)","line":74,"loc":{"start":{"line":74,"column":32},"end":{"line":74,"column":53}}},"14":{"name":"parseChildData","line":92,"loc":{"start":{"line":92,"column":15},"end":{"line":92,"column":46}}},"15":{"name":"(anonymous_15)","line":98,"loc":{"start":{"line":98,"column":69},"end":{"line":98,"column":86}}},"16":{"name":"(anonymous_16)","line":115,"loc":{"start":{"line":115,"column":86},"end":{"line":115,"column":108}}},"17":{"name":"initialize","line":159,"loc":{"start":{"line":159,"column":15},"end":{"line":159,"column":42}}},"18":{"name":"initializeFilters","line":175,"loc":{"start":{"line":175,"column":15},"end":{"line":175,"column":49}}},"19":{"name":"initializeSorts","line":206,"loc":{"start":{"line":206,"column":15},"end":{"line":206,"column":47}}},"20":{"name":"getCurrentSort","line":237,"loc":{"start":{"line":237,"column":15},"end":{"line":237,"column":47}}},"21":{"name":"updateCurrentSort","line":275,"loc":{"start":{"line":275,"column":15},"end":{"line":275,"column":50}}},"22":{"name":"updateCurrentPage","line":283,"loc":{"start":{"line":283,"column":15},"end":{"line":283,"column":52}}},"23":{"name":"componentWillMount","line":290,"loc":{"start":{"line":290,"column":15},"end":{"line":290,"column":45}}},"24":{"name":"componentWillReceiveProps","line":297,"loc":{"start":{"line":297,"column":15},"end":{"line":297,"column":61}}},"25":{"name":"applyFilter","line":306,"loc":{"start":{"line":306,"column":15},"end":{"line":306,"column":54}}},"26":{"name":"sortByCurrentSort","line":337,"loc":{"start":{"line":337,"column":15},"end":{"line":337,"column":44}}},"27":{"name":"(anonymous_27)","line":346,"loc":{"start":{"line":346,"column":28},"end":{"line":346,"column":44}}},"28":{"name":"onSort","line":377,"loc":{"start":{"line":377,"column":15},"end":{"line":377,"column":39}}},"29":{"name":"render","line":402,"loc":{"start":{"line":402,"column":15},"end":{"line":402,"column":33}}},"30":{"name":"(anonymous_30)","line":434,"loc":{"start":{"line":434,"column":58},"end":{"line":434,"column":80}}},"31":{"name":"(anonymous_31)","line":448,"loc":{"start":{"line":448,"column":33},"end":{"line":448,"column":45}}},"32":{"name":"(anonymous_32)","line":455,"loc":{"start":{"line":455,"column":53},"end":{"line":455,"column":72}}},"33":{"name":"(anonymous_33)","line":524,"loc":{"start":{"line":524,"column":30},"end":{"line":524,"column":48}}},"34":{"name":"(anonymous_34)","line":551,"loc":{"start":{"line":551,"column":34},"end":{"line":551,"column":50}}}},"statementMap":{"1":{"start":{"line":3,"column":0},"end":{"line":5,"column":3}},"2":{"start":{"line":7,"column":0},"end":{"line":7,"column":257}},"3":{"start":{"line":7,"column":52},"end":{"line":7,"column":239}},"4":{"start":{"line":7,"column":97},"end":{"line":7,"column":123}},"5":{"start":{"line":7,"column":124},"end":{"line":7,"column":237}},"6":{"start":{"line":7,"column":150},"end":{"line":7,"column":235}},"7":{"start":{"line":7,"column":207},"end":{"line":7,"column":233}},"8":{"start":{"line":7,"column":240},"end":{"line":7,"column":254}},"9":{"start":{"line":9,"column":0},"end":{"line":9,"column":566}},"10":{"start":{"line":9,"column":34},"end":{"line":9,"column":350}},"11":{"start":{"line":9,"column":77},"end":{"line":9,"column":348}},"12":{"start":{"line":9,"column":118},"end":{"line":9,"column":144}},"13":{"start":{"line":9,"column":145},"end":{"line":9,"column":200}},"14":{"start":{"line":9,"column":201},"end":{"line":9,"column":232}},"15":{"start":{"line":9,"column":233},"end":{"line":9,"column":287}},"16":{"start":{"line":9,"column":260},"end":{"line":9,"column":287}},"17":{"start":{"line":9,"column":288},"end":{"line":9,"column":346}},"18":{"start":{"line":9,"column":351},"end":{"line":9,"column":560}},"19":{"start":{"line":9,"column":408},"end":{"line":9,"column":476}},"20":{"start":{"line":9,"column":424},"end":{"line":9,"column":476}},"21":{"start":{"line":9,"column":477},"end":{"line":9,"column":537}},"22":{"start":{"line":9,"column":494},"end":{"line":9,"column":537}},"23":{"start":{"line":9,"column":538},"end":{"line":9,"column":557}},"24":{"start":{"line":11,"column":0},"end":{"line":11,"column":658}},"25":{"start":{"line":11,"column":40},"end":{"line":11,"column":58}},"26":{"start":{"line":11,"column":59},"end":{"line":11,"column":655}},"27":{"start":{"line":11,"column":70},"end":{"line":11,"column":655}},"28":{"start":{"line":11,"column":87},"end":{"line":11,"column":135}},"29":{"start":{"line":11,"column":136},"end":{"line":11,"column":151}},"30":{"start":{"line":11,"column":152},"end":{"line":11,"column":201}},"31":{"start":{"line":11,"column":173},"end":{"line":11,"column":201}},"32":{"start":{"line":11,"column":202},"end":{"line":11,"column":263}},"33":{"start":{"line":11,"column":264},"end":{"line":11,"column":653}},"34":{"start":{"line":11,"column":290},"end":{"line":11,"column":333}},"35":{"start":{"line":11,"column":334},"end":{"line":11,"column":492}},"36":{"start":{"line":11,"column":357},"end":{"line":11,"column":374}},"37":{"start":{"line":11,"column":384},"end":{"line":11,"column":396}},"38":{"start":{"line":11,"column":397},"end":{"line":11,"column":412}},"39":{"start":{"line":11,"column":413},"end":{"line":11,"column":428}},"40":{"start":{"line":11,"column":429},"end":{"line":11,"column":443}},"41":{"start":{"line":11,"column":444},"end":{"line":11,"column":470}},"42":{"start":{"line":11,"column":471},"end":{"line":11,"column":490}},"43":{"start":{"line":11,"column":500},"end":{"line":11,"column":653}},"44":{"start":{"line":11,"column":523},"end":{"line":11,"column":541}},"45":{"start":{"line":11,"column":551},"end":{"line":11,"column":573}},"46":{"start":{"line":11,"column":574},"end":{"line":11,"column":621}},"47":{"start":{"line":11,"column":602},"end":{"line":11,"column":619}},"48":{"start":{"line":11,"column":622},"end":{"line":11,"column":651}},"49":{"start":{"line":13,"column":0},"end":{"line":13,"column":97}},"50":{"start":{"line":13,"column":39},"end":{"line":13,"column":95}},"51":{"start":{"line":15,"column":0},"end":{"line":15,"column":153}},"52":{"start":{"line":15,"column":50},"end":{"line":15,"column":151}},"53":{"start":{"line":15,"column":92},"end":{"line":15,"column":149}},"54":{"start":{"line":17,"column":0},"end":{"line":17,"column":494}},"55":{"start":{"line":17,"column":43},"end":{"line":17,"column":208}},"56":{"start":{"line":17,"column":106},"end":{"line":17,"column":206}},"57":{"start":{"line":17,"column":209},"end":{"line":17,"column":373}},"58":{"start":{"line":17,"column":374},"end":{"line":17,"column":492}},"59":{"start":{"line":17,"column":390},"end":{"line":17,"column":492}},"60":{"start":{"line":19,"column":0},"end":{"line":19,"column":30}},"61":{"start":{"line":21,"column":0},"end":{"line":21,"column":45}},"62":{"start":{"line":23,"column":0},"end":{"line":23,"column":63}},"63":{"start":{"line":25,"column":0},"end":{"line":25,"column":63}},"64":{"start":{"line":27,"column":0},"end":{"line":27,"column":34}},"65":{"start":{"line":29,"column":0},"end":{"line":29,"column":32}},"66":{"start":{"line":31,"column":0},"end":{"line":31,"column":26}},"67":{"start":{"line":33,"column":0},"end":{"line":33,"column":26}},"68":{"start":{"line":35,"column":0},"end":{"line":35,"column":32}},"69":{"start":{"line":37,"column":0},"end":{"line":37,"column":40}},"70":{"start":{"line":39,"column":0},"end":{"line":566,"column":33}},"71":{"start":{"line":40,"column":4},"end":{"line":40,"column":39}},"72":{"start":{"line":42,"column":4},"end":{"line":61,"column":5}},"73":{"start":{"line":43,"column":8},"end":{"line":43,"column":37}},"74":{"start":{"line":45,"column":8},"end":{"line":45,"column":92}},"75":{"start":{"line":47,"column":8},"end":{"line":54,"column":10}},"76":{"start":{"line":57,"column":8},"end":{"line":60,"column":9}},"77":{"start":{"line":58,"column":12},"end":{"line":58,"column":66}},"78":{"start":{"line":59,"column":12},"end":{"line":59,"column":72}},"79":{"start":{"line":63,"column":4},"end":{"line":563,"column":8}},"80":{"start":{"line":66,"column":12},"end":{"line":66,"column":46}},"81":{"start":{"line":74,"column":12},"end":{"line":88,"column":27}},"82":{"start":{"line":75,"column":16},"end":{"line":87,"column":17}},"83":{"start":{"line":76,"column":20},"end":{"line":79,"column":22}},"84":{"start":{"line":81,"column":20},"end":{"line":84,"column":21}},"85":{"start":{"line":82,"column":24},"end":{"line":82,"column":98}},"86":{"start":{"line":83,"column":24},"end":{"line":83,"column":66}},"87":{"start":{"line":86,"column":20},"end":{"line":86,"column":34}},"88":{"start":{"line":93,"column":12},"end":{"line":94,"column":34}},"89":{"start":{"line":97,"column":12},"end":{"line":153,"column":13}},"90":{"start":{"line":98,"column":16},"end":{"line":152,"column":31}},"91":{"start":{"line":99,"column":20},"end":{"line":101,"column":21}},"92":{"start":{"line":100,"column":24},"end":{"line":100,"column":31}},"93":{"start":{"line":103,"column":20},"end":{"line":151,"column":21}},"94":{"start":{"line":105,"column":28},"end":{"line":105,"column":34}},"95":{"start":{"line":107,"column":28},"end":{"line":109,"column":29}},"96":{"start":{"line":108,"column":32},"end":{"line":108,"column":146}},"97":{"start":{"line":110,"column":28},"end":{"line":110,"column":42}},"98":{"start":{"line":111,"column":28},"end":{"line":111,"column":34}},"99":{"start":{"line":113,"column":28},"end":{"line":113,"column":67}},"100":{"start":{"line":115,"column":28},"end":{"line":140,"column":31}},"101":{"start":{"line":118,"column":32},"end":{"line":139,"column":33}},"102":{"start":{"line":119,"column":36},"end":{"line":119,"column":43}},"103":{"start":{"line":120,"column":39},"end":{"line":139,"column":33}},"104":{"start":{"line":121,"column":36},"end":{"line":121,"column":58}},"105":{"start":{"line":123,"column":36},"end":{"line":130,"column":37}},"106":{"start":{"line":124,"column":40},"end":{"line":124,"column":70}},"107":{"start":{"line":125,"column":43},"end":{"line":130,"column":37}},"108":{"start":{"line":126,"column":40},"end":{"line":126,"column":74}},"109":{"start":{"line":128,"column":40},"end":{"line":128,"column":135}},"110":{"start":{"line":129,"column":40},"end":{"line":129,"column":47}},"111":{"start":{"line":132,"column":36},"end":{"line":136,"column":38}},"112":{"start":{"line":138,"column":36},"end":{"line":138,"column":116}},"113":{"start":{"line":142,"column":28},"end":{"line":146,"column":31}},"114":{"start":{"line":147,"column":28},"end":{"line":147,"column":34}},"115":{"start":{"line":150,"column":28},"end":{"line":150,"column":122}},"116":{"start":{"line":155,"column":12},"end":{"line":155,"column":48}},"117":{"start":{"line":160,"column":12},"end":{"line":160,"column":41}},"118":{"start":{"line":162,"column":12},"end":{"line":162,"column":61}},"119":{"start":{"line":164,"column":12},"end":{"line":164,"column":44}},"120":{"start":{"line":165,"column":12},"end":{"line":165,"column":46}},"121":{"start":{"line":167,"column":12},"end":{"line":167,"column":47}},"122":{"start":{"line":168,"column":12},"end":{"line":168,"column":31}},"123":{"start":{"line":170,"column":12},"end":{"line":170,"column":40}},"124":{"start":{"line":171,"column":12},"end":{"line":171,"column":42}},"125":{"start":{"line":176,"column":12},"end":{"line":176,"column":34}},"126":{"start":{"line":178,"column":12},"end":{"line":202,"column":13}},"127":{"start":{"line":179,"column":16},"end":{"line":179,"column":49}},"128":{"start":{"line":180,"column":16},"end":{"line":181,"column":47}},"129":{"start":{"line":183,"column":16},"end":{"line":199,"column":17}},"130":{"start":{"line":184,"column":20},"end":{"line":189,"column":21}},"131":{"start":{"line":185,"column":24},"end":{"line":185,"column":51}},"132":{"start":{"line":187,"column":24},"end":{"line":187,"column":88}},"133":{"start":{"line":188,"column":24},"end":{"line":188,"column":33}},"134":{"start":{"line":191,"column":20},"end":{"line":195,"column":21}},"135":{"start":{"line":192,"column":24},"end":{"line":192,"column":63}},"136":{"start":{"line":194,"column":24},"end":{"line":194,"column":51}},"137":{"start":{"line":197,"column":20},"end":{"line":197,"column":40}},"138":{"start":{"line":198,"column":20},"end":{"line":198,"column":47}},"139":{"start":{"line":201,"column":16},"end":{"line":201,"column":62}},"140":{"start":{"line":207,"column":12},"end":{"line":207,"column":32}},"141":{"start":{"line":209,"column":12},"end":{"line":233,"column":13}},"142":{"start":{"line":210,"column":16},"end":{"line":210,"column":47}},"143":{"start":{"line":211,"column":16},"end":{"line":212,"column":45}},"144":{"start":{"line":214,"column":16},"end":{"line":230,"column":17}},"145":{"start":{"line":215,"column":20},"end":{"line":220,"column":21}},"146":{"start":{"line":216,"column":24},"end":{"line":216,"column":51}},"147":{"start":{"line":218,"column":24},"end":{"line":218,"column":86}},"148":{"start":{"line":219,"column":24},"end":{"line":219,"column":31}},"149":{"start":{"line":222,"column":20},"end":{"line":226,"column":21}},"150":{"start":{"line":223,"column":24},"end":{"line":223,"column":59}},"151":{"start":{"line":225,"column":24},"end":{"line":225,"column":49}},"152":{"start":{"line":228,"column":20},"end":{"line":228,"column":40}},"153":{"start":{"line":229,"column":20},"end":{"line":229,"column":45}},"154":{"start":{"line":232,"column":16},"end":{"line":232,"column":58}},"155":{"start":{"line":238,"column":12},"end":{"line":239,"column":42}},"156":{"start":{"line":241,"column":12},"end":{"line":266,"column":13}},"157":{"start":{"line":242,"column":16},"end":{"line":247,"column":17}},"158":{"start":{"line":243,"column":20},"end":{"line":243,"column":47}},"159":{"start":{"line":245,"column":20},"end":{"line":245,"column":81}},"160":{"start":{"line":246,"column":20},"end":{"line":246,"column":27}},"161":{"start":{"line":249,"column":16},"end":{"line":262,"column":17}},"162":{"start":{"line":250,"column":20},"end":{"line":259,"column":21}},"163":{"start":{"line":251,"column":24},"end":{"line":251,"column":42}},"164":{"start":{"line":252,"column":27},"end":{"line":259,"column":21}},"165":{"start":{"line":253,"column":24},"end":{"line":253,"column":43}},"166":{"start":{"line":255,"column":24},"end":{"line":255,"column":109}},"167":{"start":{"line":257,"column":24},"end":{"line":257,"column":106}},"168":{"start":{"line":258,"column":24},"end":{"line":258,"column":82}},"169":{"start":{"line":261,"column":20},"end":{"line":261,"column":78}},"170":{"start":{"line":264,"column":16},"end":{"line":264,"column":36}},"171":{"start":{"line":265,"column":16},"end":{"line":265,"column":74}},"172":{"start":{"line":268,"column":12},"end":{"line":271,"column":14}},"173":{"start":{"line":276,"column":12},"end":{"line":279,"column":13}},"174":{"start":{"line":278,"column":16},"end":{"line":278,"column":76}},"175":{"start":{"line":284,"column":12},"end":{"line":286,"column":13}},"176":{"start":{"line":285,"column":16},"end":{"line":285,"column":57}},"177":{"start":{"line":291,"column":12},"end":{"line":291,"column":40}},"178":{"start":{"line":292,"column":12},"end":{"line":292,"column":37}},"179":{"start":{"line":293,"column":12},"end":{"line":293,"column":47}},"180":{"start":{"line":298,"column":12},"end":{"line":298,"column":39}},"181":{"start":{"line":299,"column":12},"end":{"line":299,"column":58}},"182":{"start":{"line":300,"column":12},"end":{"line":300,"column":53}},"183":{"start":{"line":301,"column":12},"end":{"line":301,"column":37}},"184":{"start":{"line":302,"column":12},"end":{"line":302,"column":46}},"185":{"start":{"line":308,"column":12},"end":{"line":308,"column":42}},"186":{"start":{"line":309,"column":12},"end":{"line":309,"column":37}},"187":{"start":{"line":311,"column":12},"end":{"line":331,"column":13}},"188":{"start":{"line":312,"column":16},"end":{"line":312,"column":50}},"189":{"start":{"line":314,"column":16},"end":{"line":330,"column":17}},"190":{"start":{"line":315,"column":20},"end":{"line":329,"column":21}},"191":{"start":{"line":317,"column":24},"end":{"line":328,"column":25}},"192":{"start":{"line":318,"column":28},"end":{"line":321,"column":29}},"193":{"start":{"line":319,"column":32},"end":{"line":319,"column":66}},"194":{"start":{"line":320,"column":32},"end":{"line":320,"column":38}},"195":{"start":{"line":324,"column":28},"end":{"line":327,"column":29}},"196":{"start":{"line":325,"column":32},"end":{"line":325,"column":66}},"197":{"start":{"line":326,"column":32},"end":{"line":326,"column":38}},"198":{"start":{"line":333,"column":12},"end":{"line":333,"column":35}},"199":{"start":{"line":340,"column":12},"end":{"line":340,"column":53}},"200":{"start":{"line":342,"column":12},"end":{"line":344,"column":13}},"201":{"start":{"line":343,"column":16},"end":{"line":343,"column":23}},"202":{"start":{"line":346,"column":12},"end":{"line":373,"column":27}},"203":{"start":{"line":347,"column":16},"end":{"line":347,"column":93}},"204":{"start":{"line":348,"column":16},"end":{"line":348,"column":82}},"205":{"start":{"line
[...]
1,"5":0,"6":1,"7":0,"8":0,"9":1,"10":1,"11":0,"12":0,"13":0},"fnMap":{"1":{"name":"(anonymous_1)","line":7,"loc":{"start":{"line":7,"column":32},"end":{"line":7,"column":50}}},"2":{"name":"(anonymous_2)","line":9,"loc":{"start":{"line":9,"column":20},"end":{"line":9,"column":32}}},"3":{"name":"defineProperties","line":9,"loc":{"start":{"line":9,"column":34},"end":{"line":9,"column":75}}},"4":{"name":"(anonymous_4)","line":9,"loc":{"start":{"line":9,"column":358},"end":{"line":9,"column":406}}},"5":{"name":"get","line":11,"loc":{"start":{"line":11,"column":11},"end":{"line":11,"column":38}}},"6":{"name":"_interopRequireDefault","line":13,"loc":{"start":{"line":13,"column":0},"end":{"line":13,"column":37}}},"7":{"name":"_objectWithoutProperties","line":15,"loc":{"start":{"line":15,"column":0},"end":{"line":15,"column":45}}},"8":{"name":"_classCallCheck","line":17,"loc":{"start":{"line":17,"column":0},"end":{"line":17,"column":48}}},"9":{"name":"_inherits","line":19,"loc":{"start":{"line":19,"column":0},"end":{"line":19,"column":41}}},"10":{"name":"(anonymous_10)","line":31,"loc":{"start":{"line":31,"column":10},"end":{"line":31,"column":38}}},"11":{"name":"Tr","line":34,"loc":{"start":{"line":34,"column":4},"end":{"line":34,"column":18}}},"12":{"name":"render","line":42,"loc":{"start":{"line":42,"column":15},"end":{"line":42,"column":33}}},"13":{"name":"(anonymous_13)","line":50,"loc":{"start":{"line":50,"column":67},"end":{"line":50,"column":86}}}},"statementMap":{"1":{"start":{"line":3,"column":0},"end":{"line":5,"column":3}},"2":{"start":{"line":7,"column":0},"end":{"line":7,"column":257}},"3":{"start":{"line":7,"column":52},"end":{"line":7,"column":239}},"4":{"start":{"line":7,"column":97},"end":{"line":7,"column":123}},"5":{"start":{"line":7,"column":124},"end":{"line":7,"column":237}},"6":{"start":{"line":7,"column":150},"end":{"line":7,"column":235}},"7":{"start":{"line":7,"column":207},"end":{"line":7,"column":233}},"8":{"start":{"line":7,"column":240},"end":{"line":7,"column":254}},"9":{"start":{"line":9,"column":0},"end":{"line":9,"column":566}},"10":{"start":{"line":9,"column":34},"end":{"line":9,"column":350}},"11":{"start":{"line":9,"column":77},"end":{"line":9,"column":348}},"12":{"start":{"line":9,"column":118},"end":{"line":9,"column":144}},"13":{"start":{"line":9,"column":145},"end":{"line":9,"column":200}},"14":{"start":{"line":9,"column":201},"end":{"line":9,"column":232}},"15":{"start":{"line":9,"column":233},"end":{"line":9,"column":287}},"16":{"start":{"line":9,"column":260},"end":{"line":9,"column":287}},"17":{"start":{"line":9,"column":288},"end":{"line":9,"column":346}},"18":{"start":{"line":9,"column":351},"end":{"line":9,"column":560}},"19":{"start":{"line":9,"column":408},"end":{"line":9,"column":476}},"20":{"start":{"line":9,"column":424},"end":{"line":9,"column":476}},"21":{"start":{"line":9,"column":477},"end":{"line":9,"column":537}},"22":{"start":{"line":9,"column":494},"end":{"line":9,"column":537}},"23":{"start":{"line":9,"column":538},"end":{"line":9,"column":557}},"24":{"start":{"line":11,"column":0},"end":{"line":11,"column":658}},"25":{"start":{"line":11,"column":40},"end":{"line":11,"column":58}},"26":{"start":{"line":11,"column":59},"end":{"line":11,"column":655}},"27":{"start":{"line":11,"column":70},"end":{"line":11,"column":655}},"28":{"start":{"line":11,"column":87},"end":{"line":11,"column":135}},"29":{"start":{"line":11,"column":136},"end":{"line":11,"column":151}},"30":{"start":{"line":11,"column":152},"end":{"line":11,"column":201}},"31":{"start":{"line":11,"column":173},"end":{"line":11,"column":201}},"32":{"start":{"line":11,"column":202},"end":{"line":11,"column":263}},"33":{"start":{"line":11,"column":264},"end":{"line":11,"column":653}},"34":{"start":{"line":11,"column":290},"end":{"line":11,"column":333}},"35":{"start":{"line":11,"column":334},"end":{"line":11,"column":492}},"36":{"start":{"line":11,"column":357},"end":{"line":11,"column":374}},"37":{"start":{"line":11,"column":384},"end":{"line":11,"column":396}},"38":{"start":{"line":11,"column":397},"end":{"line":11,"column":412}},"39":{"start":{"line":11,"column":413},"end":{"line":11,"column":428}},"40":{"start":{"line":11,"column":429},"end":{"line":11,"column":443}},"41":{"start":{"line":11,"column":444},"end":{"line":11,"column":470}},"42":{"start":{"line":11,"column":471},"end":{"line":11,"column":490}},"43":{"start":{"line":11,"column":500},"end":{"line":11,"column":653}},"44":{"start":{"line":11,"column":523},"end":{"line":11,"column":541}},"45":{"start":{"line":11,"column":551},"end":{"line":11,"column":573}},"46":{"start":{"line":11,"column":574},"end":{"line":11,"column":621}},"47":{"start":{"line":11,"column":602},"end":{"line":11,"column":619}},"48":{"start":{"line":11,"column":622},"end":{"line":11,"column":651}},"49":{"start":{"line":13,"column":0},"end":{"line":13,"column":97}},"50":{"start":{"line":13,"column":39},"end":{"line":13,"column":95}},"51":{"start":{"line":15,"column":0},"end":{"line":15,"column":220}},"52":{"start":{"line":15,"column":47},"end":{"line":15,"column":63}},"53":{"start":{"line":15,"column":64},"end":{"line":15,"column":203}},"54":{"start":{"line":15,"column":85},"end":{"line":15,"column":120}},"55":{"start":{"line":15,"column":111},"end":{"line":15,"column":120}},"56":{"start":{"line":15,"column":121},"end":{"line":15,"column":181}},"57":{"start":{"line":15,"column":172},"end":{"line":15,"column":181}},"58":{"start":{"line":15,"column":182},"end":{"line":15,"column":201}},"59":{"start":{"line":15,"column":204},"end":{"line":15,"column":218}},"60":{"start":{"line":17,"column":0},"end":{"line":17,"column":153}},"61":{"start":{"line":17,"column":50},"end":{"line":17,"column":151}},"62":{"start":{"line":17,"column":92},"end":{"line":17,"column":149}},"63":{"start":{"line":19,"column":0},"end":{"line":19,"column":494}},"64":{"start":{"line":19,"column":43},"end":{"line":19,"column":208}},"65":{"start":{"line":19,"column":106},"end":{"line":19,"column":206}},"66":{"start":{"line":19,"column":209},"end":{"line":19,"column":373}},"67":{"start":{"line":19,"column":374},"end":{"line":19,"column":492}},"68":{"start":{"line":19,"column":390},"end":{"line":19,"column":492}},"69":{"start":{"line":21,"column":0},"end":{"line":21,"column":30}},"70":{"start":{"line":23,"column":0},"end":{"line":23,"column":45}},"71":{"start":{"line":25,"column":0},"end":{"line":25,"column":26}},"72":{"start":{"line":27,"column":0},"end":{"line":27,"column":45}},"73":{"start":{"line":29,"column":0},"end":{"line":29,"column":63}},"74":{"start":{"line":31,"column":0},"end":{"line":83,"column":33}},"75":{"start":{"line":32,"column":4},"end":{"line":32,"column":36}},"76":{"start":{"line":34,"column":4},"end":{"line":38,"column":5}},"77":{"start":{"line":35,"column":8},"end":{"line":35,"column":34}},"78":{"start":{"line":37,"column":8},"end":{"line":37,"column":94}},"79":{"start":{"line":40,"column":4},"end":{"line":80,"column":8}},"80":{"start":{"line":43,"column":12},"end":{"line":43,"column":112}},"81":{"start":{"line":45,"column":12},"end":{"line":73,"column":13}},"82":{"start":{"line":46,"column":16},"end":{"line":48,"column":17}},"83":{"start":{"line":47,"column":20},"end":{"line":47,"column":42}},"84":{"start":{"line":50,"column":16},"end":{"line":72,"column":32}},"85":{"start":{"line":51,"column":20},"end":{"line":51,"column":48}},"86":{"start":{"line":52,"column":20},"end":{"line":52,"column":75}},"87":{"start":{"line":54,"column":20},"end":{"line":54,"column":75}},"88":{"start":{"line":56,"column":20},"end":{"line":71,"column":21}},"89":{"start":{"line":57,"column":24},"end":{"line":57,"column":64}},"90":{"start":{"line":59,"column":24},"end":{"line":62,"column":25}},"91":{"start":{"line":60,"column":28},"end":{"line":60,"column":48}},"92":{"start":{"line":61,"column":28},"end":{"line":61,"column":48}},"93":{"start":{"line":64,"column":24},"end":{"line":68,"column":26}},"94":{"start":{"line":70,"column":24},"end":{"line":70,"column":109}},"95":{"start":{"line":76,"column":12},"end":{"line":76,"column":79}},"96":{"start":{"line":78,"column":12},"end":{"line":78,"column":62}},"97":{"start":{"line":82,"column":4},"end":{"line":82,"column":14}},"98":{"start":{"line":85,"column":0},"end":{"line":85,"column":16}},"99":{"start":{"line":88,"column":0},"end":{"line":88,"column":22}},"100":{"start":{"line":89,"column":0},"end":{"line":89,"column":23}}},"branchMap":{"1":{"line":7,"type":"binary-expr","locations":[{"start":{"line":7,"column":15},"end":{"line":7,"column":28}},{"start":{"line":7,"column":32},"end":{"line":7,"column":256}}]},"2":{"line":7,"type":"if","locations":[{"start":{"line":7,"column":150},"end":{"line":7,"column":150}},{"start":{"line":7,"column":150},"end":{"line":7,"column":150}}]},"3":{"line":9,"type":"binary-expr","locations":[{"start":{"line":9,"column":169},"end":{"line":9,"column":190}},{"start":{"line":9,"column":194},"end":{"line":9,"column":199}}]},"4":{"line":9,"type":"if","locations":[{"start":{"line":9,"column":233},"end":{"line":9,"column":233}},{"start":{"line":9,"column":233},"end":{"line":9,"column":233}}]},"5":{"line":9,"type":"if","locations":[{"start":{"line":9,"column":408},"end":{"line":9,"column":408}},{"start":{"line":9,"column":408},"end":{"line":9,"column":408}}]},"6":{"line":9,"type":"if","locations":[{"start":{"line":9,"column":477},"end":{"line":9,"column":477}},{"start":{"line":9,"column":477},"end":{"line":9,"column":477}}]},"7":{"line":11,"type":"if","locations":[{"start":{"line":11,"column":152},"end":{"line":11,"column":152}},{"start":{"line":11,"column":152},"end":{"line":11,"column":152}}]},"8":{"line":11,"type":"if","locations":[{"start":{"line":11,"column":264},"end":{"line":11,"column":264}},{"start":{"line":11,"column":264},"end":{"line":11,"column":264}}]},"9":{"line":11,"type":"if","locations":[{"start":{"line":11,"column":334},"end":{"line":11,"column":334}},{"start":{"line":11,"column":334},"end":{"line":11,"column":334}}]},"10":{"line":11,"type":"if","locations":[{"start":{"line":11,"column":500},"end":{"line":11,"column":500}},{"start":{"line":11,"column":500},"end":{"line":11,"column":500}}]},"11":{"line":11,"type":"if","locations":[{"start":{"line":11,"column":574},"end":{"line":11,"column":574}},{"start":{"line":11,"column":574},"end":{"line":11,"column":574}}]},"12":{"line":13,"type":"cond-expr","locations":[{"start":{"line":13,"column":70},"end":{"line":13,"column":73}},{"start":{"line":13,"column":76},"end":{"line":13,"column":94}}]},"13":{"line":13,"type":"binary-expr","locations":[{"start":{"line":13,"column":46},"end":{"line":13,"column":49}},{"start":{"line":13,"column":53},"end":{"line":13,"column":67}}]},"14":{"line":15,"type":"if","locations":[{"start":{"line":15,"column":85},"end":{"line":15,"column":85}},{"start":{"line":15,"column":85},"end":{"line":15,"column":85}}]},"15":{"line":15,"type":"if","locations":[{"start":{"line":15,"column":121},"end":{"line":15,"column":121}},{"start":{"line":15,"column":121},"end":{"line":15,"column":121}}]},"16":{"line":17,"type":"if","locations":[{"start":{"line":17,"column":50},"end":{"line":17,"column":50}},{"start":{"line":17,"column":50},"end":{"line":17,"column":50}}]},"17":{"line":19,"type":"if","locations":[{"start":{"line":19,"column":43},"end":{"line":19,"column":43}},{"start":{"line":19,"column":43},"end":{"line":19,"column":43}}]},"18":{"line":19,"type":"binary-expr","locations":[{"start":{"line":19,"column":47},"end":{"line":19,"column":79}},{"start":{"line":19,"column":83},"end":{"line":19,"column":102}}]},"19":{"line":19,"type":"binary-expr","locations":[{"start":{"line":19,"column":244},"end":{"line":19,"column":254}},{"start":{"line":19,"column":258},"end":{"line":19,"column":278}}]},"20":{"line":19,"type":"if","locations":[{"start":{"line":19,"column":374},"end":{"line":19,"column":374}},{"start":{"line":19,"column":374},"end":{"line":19,"column":374}}]},"21":{"line":19,"type":"cond-expr","locations":[{"start":{"line":19,"column":414},"end":{"line":19,"column":457}},{"start":{"line":19,"column":460},"end":{"line":19,"column":491}}]},"22":{"line":45,"type":"if","locations":[{"start":{"line":45,"column":12},"end":{"line":45,"column":12}},{"start":{"line":45,"column":12},"end":{"line":45,"column":12}}]},"23":{"line":45,"type":"binary-expr","locations":[{"start":{"line":45,"column":16},"end":{"line":45,"column":31}},{"start":{"line":45,"column":35},"end":{"line":45,"column":53}},{"start":{"line":45,"column":57},"end":{"line":45,"column":101}}]},"24":{"line":46,"type":"if","locations":[{"start":{"line":46,"column":16},"end":{"line":46,"column":16}},{"start":{"line":46,"column":16},"end":{"line":46,"column":16}}]},"25":{"line":52,"type":"cond-expr","locations":[{"start":{"line":52,"column":59},"end":{"line":52,"column":61}},{"start":{"line":52,"column":64},"end":{"line":52,"column":74}}]},"26":{"line":56,"type":"if","locations":[{"start":{"line":56,"column":20},"end":{"line":56,"column":20}},{"start":{"line":56,"column":20},"end":{"line":56,"column":20}}]},"27":{"line":59,"type":"if","locations":[{"start":{"line":59,"column":24},"end":{"line":59,"column":24}},{"start":{"line":59,"column":24},"end":{"line":59,"column":24}}]},"28":{"line":59,"type":"binary-expr","locations":[{"start":{"line":59,"column":28},"end":{"line":59,"column":56}},{"start":{"line":59,"column":60},"end":{"line":59,"column":74}},{"start":{"line":59,"column":78},"end":{"line":59,"column":108}}]}},"code":["'use strict';","","Object.defineProperty(exports, '__esModule', {","    value: true","});","","var _extends = Object.assign || function (target) { for (var i = 1; i < arguments.length; i++) { var source = arguments[i]; for (var key in source) { if (Object.prototype.hasOwnProperty.call(source, key)) { target[key] = source[key]; } } } return target; };","","var _createClass = (function () { function defineProperties(target, props) { for (var i = 0; i < props.length; i++) { var descriptor = props[i]; descriptor.enumerable = descriptor.enumerable || false; descriptor.configurable = true; if ('value' in descriptor) descriptor.writable = true; Object.defineProperty(target, descriptor.key, descriptor); } } return function (Constructor, protoProps, staticProps) { if (protoProps) defineProperties(Constructor.prototype, protoProps); if (staticProps) defineProperties(Constructor, staticProps); return Constructor; }; })();","","var _get = function get(_x, _x2, _x3) { var _again = true; _function: while (_again) { var object = _x, property = _x2, receiver = _x3; _again = false; if (object === null) object = Function.prototype; var desc = Object.getOwnPropertyDescriptor(object, property); if (desc === undefined) { var parent = Object.getPrototypeOf(object); if (parent === null) { return undefined; } else { _x = parent; _x2 = property; _x3 = receiver; _again = true; desc = parent = undefined; continue _function; } } else if ('value' in desc) { return desc.value; } else { var getter = desc.get; if (getter === undefined) { return undefined; } return getter.call(receiver); } } };","","function _interopRequireDefault(obj) { return obj && obj.__esModule ? obj : { 'default': obj }; }","","function _objectWithoutProperties(obj, keys) { var target = {}; for (var i in obj) { if (keys.indexOf(i) >= 0) continue; if (!Object.prototype.hasOwnProperty.call(obj, i)) continue; target[i] = obj[i]; } return target; }","","function _classCallCheck(instance, Constructor) { if (!(instance instanceof Constructor)) { throw new TypeError('Cannot call a class as a function'); } }","","function _inherits(subClass, superClass) { if (typeof superClass !== 'function' && superClass !== null) { throw new TypeError('Super expression must either be null or a function, not ' + typeof superClass); } subClass.prototype = Object.create(superClass && superClass.prototype, { constructor: { value: subClass, enumerable: false, writable: true, configurable: true } }); if (superClass) Object.setPrototypeOf ? Object.setPrototypeOf(subClass, superClass) : subClass.__proto__ = superClass; }","","var _react = require('react');","","var _react2 = _interopRequireDefault(_react);","","var _td = require('./td');","","var _libTo_array = require('./lib/to_array');","","var _libFilter_props_from = require('./lib/filter_props_from');","","var Tr = (function (_React$Component) {","    _inherits(Tr, _React$Component);","","    function Tr() {","        _classCallCheck(this, Tr);","","        _get(Object.getPrototypeOf(Tr.prototype), 'constructor', this).apply(this, arguments);","    }","","    _createClass(Tr, [{","        key: 'render',","        value: function render() {","            var children = (0, _libTo_array.toArray)(_react2['default'].Children.children(this.props.children));","","            if (this.props.data && this.props.columns && typeof this.props.columns.map === 'function') {","                if (typeof children.concat === 'undefined') {","                    console.log(children);","                }","","                children = children.concat(this.props.columns.map((function (_ref, i) {","                    var _ref$props = _ref.props;","                    var props = _ref$props === undefined ? {} : _ref$props;","","                    var column = _objectWithoutProperties(_ref, ['props']);","","                    if (this.props.data.hasOwnProperty(column.key)) {","                        var value = this.props.data[column.key];","","                        if (typeof value !== 'undefined' && value !== null && value.__reactableMeta === true) {","                            props = value.props;","                            value = value.value;","                        }","","                        return _react2['default'].createElement(","                            _td.Td,","                            _extends({ column: column, key: column.key }, props),","                            value","                        );","                    } else {","                        return _react2['default'].createElement(_td.Td, { column: column, key: column.key });","                    }","                }).bind(this)));","            }","","            // Manually transfer props","            var props = (0, _libFilter_props_from.filterPropsFrom)(this.props);","","            return _react2['default'].DOM.tr(props, children);","        }","    }]);","","    return Tr;","})(_react2['default'].Component);","","exports.Tr = Tr;",";","","Tr.childNode = _td.Td;","Tr.dataType = 'object';",""],"l":{"3":1,"7":1,"9":1,"11":1,"13":1,"15":1,"17":1,"19":1,"21":1,"23":1,"25":1,"27":1,"29":1,"31":1,"32":1,"34":1,"35":0,"37":0,"40":1,"43":0,"45":0,"46":0,"47":0,"50":0,"51":0,"52":0,"54":0,"56":0,"57":0,"59":0,"60":0,"61":0,"64":0,"70":0,"76":0,"78":0,"82":1,"85":1,"88":1,"89":1}},"/home/travis/build/npmtest/node-npmtest-reactable/node_modules/reactable/lib/reactable/lib/to_array.js":{"path":"/home/travis/build/npmtest/node-npmtest-reactable/node_modules/reactable/lib/reactable/lib/to_array.js","s":{"1":1,"2":1,"3":1,"4":0,"5":0,"6":0,"7":0},"b":{},"f":{"1":0},"fnMap":{"1":{"name":"toArray","line":8,"loc":{"start":{"line":8,"column":0},"end":{"line":8,"column":22}}}},"statementMap":{"1":{"start":{"line":3,"column":0},"end":{"line":5,"column":3}},"2":{"start":{"line":6,"column":0},"end":{"line":6,"column":26}},"3":{"start":{"line":8,"column":0},"end":{"line":15,"column":1}},"4":{"start":{"line":9,"column":4},"end":{"line":9,"column":17}},"5":{"start":{"line":10,"column":4},"end":{"line":12,"column":5}},"6":{"start":{"line":11,"column":8},"end":{"line":11,"column":24}},"7":{"start":{"line":14,"column":4},"end":{"line":14,"column":15}}},"branchMap":{},"code":["\"use strict\";","","Object.defineProperty(exports, \"__esModule\", {","    value: true","});","exports.toArray = toArray;","","function toArray(obj) {","    var ret = [];","    for (var attr in obj) {","        ret[attr] = obj;","    }","","    return ret;","}",""],"l":{"3":1,"6":1,"8":1,"9":0,"10":0,"11":0,"14":0}}}